<?xml version="1.0" encoding="utf-8" standalone="no"?>
<test-run id="2" testcasecount="342" result="Passed" total="342" passed="342" failed="0" inconclusive="0" skipped="0" asserts="4797" engine-version="3.8.0.0" clr-version="4.0.30319.42000" start-time="2018-04-17 12:37:14Z" end-time="2018-04-17 12:37:23Z" duration="8.392723">
  <command-line><![CDATA["Z:\Projects\dataprocessor_play\packages\NUnit.ConsoleRunner.3.8.0\tools\nunit3-console.exe" dataprocessor.tests\bin\Debug\dataprocessor.tests.dll]]></command-line>
  <test-suite type="Assembly" id="0-1351" name="dataprocessor.tests.dll" fullname="Z:\Projects\dataprocessor_play\dataprocessor.tests\bin\Debug\dataprocessor.tests.dll" runstate="Runnable" testcasecount="342" result="Passed" start-time="2018-04-17 12:37:18Z" end-time="2018-04-17 12:37:23Z" duration="4.565641" total="342" passed="342" failed="0" warnings="0" inconclusive="0" skipped="0" asserts="4797">
    <environment framework-version="3.9.0.0" clr-version="4.0.30319.42000" os-version="Microsoft Windows NT 10.0.16299.0" platform="Win32NT" cwd="Z:\Projects\dataprocessor_play" machine-name="DESKTOP-5CTSLKC" user="Daniel Crowe" user-domain="DESKTOP-5CTSLKC" culture="en-AU" uiculture="en-US" os-architecture="x64" />
    <settings>
      <setting name="DisposeRunners" value="True" />
      <setting name="WorkDirectory" value="Z:\Projects\dataprocessor_play" />
      <setting name="ImageRuntimeVersion" value="4.0.30319" />
      <setting name="ImageTargetFrameworkName" value=".NETFramework,Version=v4.6.1" />
      <setting name="ImageRequiresX86" value="False" />
      <setting name="ImageRequiresDefaultAppDomainAssemblyResolver" value="False" />
      <setting name="NumberOfTestWorkers" value="2" />
    </settings>
    <properties>
      <property name="_PID" value="644" />
      <property name="_APPDOMAIN" value="domain-" />
    </properties>
    <test-suite type="TestSuite" id="0-1352" name="dataprocessor" fullname="dataprocessor" runstate="Runnable" testcasecount="342" result="Passed" start-time="2018-04-17 12:37:18Z" end-time="2018-04-17 12:37:23Z" duration="4.539944" total="342" passed="342" failed="0" warnings="0" inconclusive="0" skipped="0" asserts="4797">
      <test-suite type="TestSuite" id="0-1353" name="tests" fullname="dataprocessor.tests" runstate="Runnable" testcasecount="342" result="Passed" start-time="2018-04-17 12:37:18Z" end-time="2018-04-17 12:37:23Z" duration="4.538135" total="342" passed="342" failed="0" warnings="0" inconclusive="0" skipped="0" asserts="4797">
        <test-suite type="TestFixture" id="0-1017" name="Actual_DynamicMethod" fullname="dataprocessor.tests.Actual_DynamicMethod" classname="dataprocessor.tests.Actual_DynamicMethod" runstate="Runnable" testcasecount="16" result="Passed" start-time="2018-04-17 12:37:18Z" end-time="2018-04-17 12:37:19Z" duration="1.147093" total="16" passed="16" failed="0" warnings="0" inconclusive="0" skipped="0" asserts="48">
          <test-case id="0-1018" name="AddInput_ArgChecks" fullname="dataprocessor.tests.Actual_DynamicMethod.AddInput_ArgChecks" methodname="AddInput_ArgChecks" classname="dataprocessor.tests.VerifyAPI" runstate="Runnable" seed="2121762486" result="Passed" start-time="2018-04-17 12:37:18Z" end-time="2018-04-17 12:37:19Z" duration="0.609983" asserts="5" />
          <test-case id="0-1019" name="AddListener_ArgChecks" fullname="dataprocessor.tests.Actual_DynamicMethod.AddListener_ArgChecks" methodname="AddListener_ArgChecks" classname="dataprocessor.tests.VerifyAPI" runstate="Runnable" seed="1468035549" result="Passed" start-time="2018-04-17 12:37:19Z" end-time="2018-04-17 12:37:19Z" duration="0.039551" asserts="5" />
          <test-case id="0-1033" name="GetAllNames" fullname="dataprocessor.tests.Actual_DynamicMethod.GetAllNames" methodname="GetAllNames" classname="dataprocessor.tests.VerifyAPI" runstate="Runnable" seed="1505841953" result="Passed" start-time="2018-04-17 12:37:19Z" end-time="2018-04-17 12:37:19Z" duration="0.047182" asserts="2" />
          <test-case id="0-1032" name="GetName" fullname="dataprocessor.tests.Actual_DynamicMethod.GetName" methodname="GetName" classname="dataprocessor.tests.VerifyAPI" runstate="Runnable" seed="590851125" result="Passed" start-time="2018-04-17 12:37:19Z" end-time="2018-04-17 12:37:19Z" duration="0.006914" asserts="3" />
          <test-case id="0-1022" name="OneIn_DifferentOut" fullname="dataprocessor.tests.Actual_DynamicMethod.OneIn_DifferentOut" methodname="OneIn_DifferentOut" classname="dataprocessor.tests.VerifyAPI" runstate="Runnable" seed="1743462171" result="Passed" start-time="2018-04-17 12:37:19Z" end-time="2018-04-17 12:37:19Z" duration="0.143817" asserts="2">
            <output><![CDATA[SortDependenciesFirst: dataprocessor.Collation.ProcessorInfo
OptimiseAndLog: bob => .Lambda #Lambda1<System.Action`1[System.Int32]>(System.Int32 $bob) {
    .Block() {
        .Default(System.Void)
    }
}
DynamicMethodCompiler.Compile: 78.72ms
DataProcessorBuilder.Build: 134.13ms
]]></output>
          </test-case>
          <test-case id="0-1020" name="OneIn_OneOut" fullname="dataprocessor.tests.Actual_DynamicMethod.OneIn_OneOut" methodname="OneIn_OneOut" classname="dataprocessor.tests.VerifyAPI" runstate="Runnable" seed="312276184" result="Passed" start-time="2018-04-17 12:37:19Z" end-time="2018-04-17 12:37:19Z" duration="0.066262" asserts="2">
            <output><![CDATA[SortDependenciesFirst: dataprocessor.Collation.ProcessorInfo
OptimiseAndLog: bob => .Lambda #Lambda1<System.Action`1[System.Int32]>(System.Int32 $bob) {
    .Block() {
        .Call .Constant<dataprocessor.tests.Actual_DynamicMethod>(dataprocessor.tests.Actual_DynamicMethod).SetActual($bob)
    }
}
DynamicMethodCompiler.Compile: 27.22ms
DataProcessorBuilder.Build: 64.97ms
]]></output>
          </test-case>
          <test-case id="0-1023" name="OneIn_TwoOut" fullname="dataprocessor.tests.Actual_DynamicMethod.OneIn_TwoOut" methodname="OneIn_TwoOut" classname="dataprocessor.tests.VerifyAPI" runstate="Runnable" seed="1637077434" result="Passed" start-time="2018-04-17 12:37:19Z" end-time="2018-04-17 12:37:19Z" duration="0.006749" asserts="4">
            <output><![CDATA[SortDependenciesFirst: dataprocessor.Collation.ProcessorInfo, dataprocessor.Collation.ProcessorInfo
OptimiseAndLog: bob => .Lambda #Lambda1<System.Action`1[System.Int32]>(System.Int32 $bob) {
    .Block() {
        .Call .Constant<dataprocessor.tests.Actual_DynamicMethod>(dataprocessor.tests.Actual_DynamicMethod).SetActual2($bob);
        .Call .Constant<dataprocessor.tests.Actual_DynamicMethod>(dataprocessor.tests.Actual_DynamicMethod).SetActual($bob)
    }
}
DynamicMethodCompiler.Compile: 2.25ms
DataProcessorBuilder.Build: 5.56ms
]]></output>
          </test-case>
          <test-case id="0-1024" name="OneIn_ZeroOut" fullname="dataprocessor.tests.Actual_DynamicMethod.OneIn_ZeroOut" methodname="OneIn_ZeroOut" classname="dataprocessor.tests.VerifyAPI" runstate="Runnable" seed="1974828734" result="Passed" start-time="2018-04-17 12:37:19Z" end-time="2018-04-17 12:37:19Z" duration="0.001249" asserts="0">
            <output><![CDATA[SortDependenciesFirst: 
OptimiseAndLog: bob => .Lambda #Lambda1<System.Action`1[System.Int32]>(System.Int32 $bob) {
    .Block() {
        .Default(System.Void)
    }
}
DynamicMethodCompiler.Compile: 0.27ms
DataProcessorBuilder.Build: 0.7ms
]]></output>
          </test-case>
          <test-case id="0-1027" name="Processor_Chained" fullname="dataprocessor.tests.Actual_DynamicMethod.Processor_Chained" methodname="Processor_Chained" classname="dataprocessor.tests.VerifyAPI" runstate="Runnable" seed="217455216" result="Passed" start-time="2018-04-17 12:37:19Z" end-time="2018-04-17 12:37:19Z" duration="0.034904" asserts="3">
            <output><![CDATA[SortDependenciesFirst: dataprocessor.Collation.ProcessorInfo, dataprocessor.Collation.ProcessorInfo, dataprocessor.Collation.ProcessorInfo, dataprocessor.Collation.ProcessorInfo
OptimiseAndLog: in => .Lambda #Lambda1<System.Action`1[System.Int32]>(System.Int32 $in) {
    .Block(
        System.Int32 $tmp2,
        System.Int32 $tmp1,
        System.Int32 $out) {
        $tmp2 = .Call .Constant<dataprocessor.tests.Actual_DynamicMethod>(dataprocessor.tests.Actual_DynamicMethod).Plus2($in);
        $tmp1 = .Call .Constant<dataprocessor.tests.Actual_DynamicMethod>(dataprocessor.tests.Actual_DynamicMethod).Plus1($in);
        $out = .Call .Constant<dataprocessor.tests.Actual_DynamicMethod>(dataprocessor.tests.Actual_DynamicMethod).Add(
            $tmp1,
            $tmp2);
        .Call .Constant<dataprocessor.tests.Actual_DynamicMethod>(dataprocessor.tests.Actual_DynamicMethod).SetActual($out)
    }
}
DynamicMethodCompiler.Compile: 8.04ms
DataProcessorBuilder.Build: 16.36ms
]]></output>
          </test-case>
          <test-case id="0-1025" name="Processor_OneIn_OneOut" fullname="dataprocessor.tests.Actual_DynamicMethod.Processor_OneIn_OneOut" methodname="Processor_OneIn_OneOut" classname="dataprocessor.tests.VerifyAPI" runstate="Runnable" seed="784208548" result="Passed" start-time="2018-04-17 12:37:19Z" end-time="2018-04-17 12:37:19Z" duration="0.002115" asserts="2">
            <output><![CDATA[SortDependenciesFirst: dataprocessor.Collation.ProcessorInfo, dataprocessor.Collation.ProcessorInfo
OptimiseAndLog: in => .Lambda #Lambda1<System.Action`1[System.Int32]>(System.Int32 $in) {
    .Block(System.Int32 $out) {
        $out = .Call .Constant<dataprocessor.tests.Actual_DynamicMethod>(dataprocessor.tests.Actual_DynamicMethod).Plus1($in);
        .Call .Constant<dataprocessor.tests.Actual_DynamicMethod>(dataprocessor.tests.Actual_DynamicMethod).SetActual($out)
    }
}
DynamicMethodCompiler.Compile: 0.4ms
DataProcessorBuilder.Build: 1.01ms
]]></output>
          </test-case>
          <test-case id="0-1029" name="Processor_Optional" fullname="dataprocessor.tests.Actual_DynamicMethod.Processor_Optional" methodname="Processor_Optional" classname="dataprocessor.tests.VerifyAPI" runstate="Runnable" seed="324939785" result="Passed" start-time="2018-04-17 12:37:19Z" end-time="2018-04-17 12:37:19Z" duration="0.045636" asserts="4">
            <output><![CDATA[SortDependenciesFirst: dataprocessor.Collation.ProcessorInfo, dataprocessor.Collation.ProcessorInfo
OptimiseAndLog: in => .Lambda #Lambda1<System.Action`1[System.Int32]>(System.Int32 $in) {
    .Block(dataprocessor.Maybe`1[System.Int32] $out) {
        $out = .If ($in == 10) {
            dataprocessor.Maybe`1[System.Int32].Nothing
        } .Else {
            .Call dataprocessor.Maybe`1[System.Int32].Just($in)
        };
        .If (
            $out.IsPresent
        ) {
            .Call .Constant<dataprocessor.tests.Actual_DynamicMethod>(dataprocessor.tests.Actual_DynamicMethod).SetActual($out.Value)
        } .Else {
            .Default(System.Void)
        }
    }
}
DynamicMethodCompiler.Compile: 13.26ms
DataProcessorBuilder.Build: 26.54ms
]]></output>
          </test-case>
          <test-case id="0-1031" name="Processor_Optional_Chained" fullname="dataprocessor.tests.Actual_DynamicMethod.Processor_Optional_Chained" methodname="Processor_Optional_Chained" classname="dataprocessor.tests.VerifyAPI" runstate="Runnable" seed="956250174" result="Passed" start-time="2018-04-17 12:37:19Z" end-time="2018-04-17 12:37:19Z" duration="0.020222" asserts="4">
            <output><![CDATA[SortDependenciesFirst: dataprocessor.Collation.ProcessorInfo, dataprocessor.Collation.ProcessorInfo, dataprocessor.Collation.ProcessorInfo
OptimiseAndLog: in1 => .Lambda #Lambda1<System.Action`1[System.Int32]>(System.Int32 $in1) {
    .Block(
        dataprocessor.Maybe`1[System.Int32] $in2,
        dataprocessor.Maybe`1[System.Int32] $out) {
        $in2 = .If ($in1 == 10) {
            dataprocessor.Maybe`1[System.Int32].Nothing
        } .Else {
            .Call dataprocessor.Maybe`1[System.Int32].Just($in1)
        };
        .If (
            $in2.IsPresent
        ) {
            $out = .Call dataprocessor.Maybe`1[System.Int32].Just($in2.Value + 1)
        } .Else {
            .Default(System.Void)
        };
        .If (
            $out.IsPresent
        ) {
            .Call .Constant<dataprocessor.tests.Actual_DynamicMethod>(dataprocessor.tests.Actual_DynamicMethod).SetActual($out.Value)
        } .Else {
            .Default(System.Void)
        }
    }
}
DynamicMethodCompiler.Compile: 5.47ms
DataProcessorBuilder.Build: 16.24ms
]]></output>
          </test-case>
          <test-case id="0-1030" name="Processor_Optional_Two" fullname="dataprocessor.tests.Actual_DynamicMethod.Processor_Optional_Two" methodname="Processor_Optional_Two" classname="dataprocessor.tests.VerifyAPI" runstate="Runnable" seed="825304109" result="Passed" start-time="2018-04-17 12:37:19Z" end-time="2018-04-17 12:37:19Z" duration="0.062739" asserts="4">
            <output><![CDATA[SortDependenciesFirst: dataprocessor.Collation.ProcessorInfo, dataprocessor.Collation.ProcessorInfo
Splitting: out
OptimiseAndLog: in1 => .Lambda #Lambda1<System.Action`1[System.Int32]>(System.Int32 $in1) {
    .Block() {
        .Call .Constant<dataprocessor.Node`2[System.Int32,System.Int32]>(dataprocessor.Node`2[System.Int32,System.Int32]).Set1($in1)
    }
}
DynamicMethodCompiler.Compile: 0.3ms
OptimiseAndLog: in2 => .Lambda #Lambda1<System.Action`1[System.Int32]>(System.Int32 $in2) {
    .Block() {
        .Call .Constant<dataprocessor.Node`2[System.Int32,System.Int32]>(dataprocessor.Node`2[System.Int32,System.Int32]).Set2($in2)
    }
}
DynamicMethodCompiler.Compile: 0.33ms
OptimiseAndLog: out => .Lambda #Lambda1<dataprocessor.Node`2+Action[System.Int32,System.Int32]>(
    System.Int32 $in1,
    System.Int32 $in2) {
    .Block(dataprocessor.Maybe`1[System.Int32] $out) {
        $out = .If ($in1 == 0) {
            dataprocessor.Maybe`1[System.Int32].Nothing
        } .Else {
            .Call dataprocessor.Maybe`1[System.Int32].Just($in2)
        };
        .If (
            $out.IsPresent
        ) {
            .Call .Constant<dataprocessor.tests.Actual_DynamicMethod>(dataprocessor.tests.Actual_DynamicMethod).SetActual($out.Value)
        } .Else {
            .Default(System.Void)
        }
    }
}
DynamicMethodCompiler.Compile: 1.09ms
DataProcessorBuilder.Build: 49.88ms
]]></output>
          </test-case>
          <test-case id="0-1028" name="Processor_TwoIn_Chained" fullname="dataprocessor.tests.Actual_DynamicMethod.Processor_TwoIn_Chained" methodname="Processor_TwoIn_Chained" classname="dataprocessor.tests.VerifyAPI" runstate="Runnable" seed="1149158049" result="Passed" start-time="2018-04-17 12:37:19Z" end-time="2018-04-17 12:37:19Z" duration="0.007930" asserts="2">
            <output><![CDATA[SortDependenciesFirst: dataprocessor.Collation.ProcessorInfo, dataprocessor.Collation.ProcessorInfo, dataprocessor.Collation.ProcessorInfo, dataprocessor.Collation.ProcessorInfo
Splitting: out
OptimiseAndLog: in1 => .Lambda #Lambda1<System.Action`1[System.Int32]>(System.Int32 $in1) {
    .Block(System.Int32 $tmp1) {
        $tmp1 = .Call .Constant<dataprocessor.tests.Actual_DynamicMethod>(dataprocessor.tests.Actual_DynamicMethod).Plus1($in1);
        .Call .Constant<dataprocessor.Node`2[System.Int32,System.Int32]>(dataprocessor.Node`2[System.Int32,System.Int32]).Set1($tmp1)
    }
}
DynamicMethodCompiler.Compile: 1.24ms
OptimiseAndLog: in2 => .Lambda #Lambda1<System.Action`1[System.Int32]>(System.Int32 $in2) {
    .Block(System.Int32 $tmp2) {
        $tmp2 = .Call .Constant<dataprocessor.tests.Actual_DynamicMethod>(dataprocessor.tests.Actual_DynamicMethod).Plus2($in2);
        .Call .Constant<dataprocessor.Node`2[System.Int32,System.Int32]>(dataprocessor.Node`2[System.Int32,System.Int32]).Set2($tmp2)
    }
}
DynamicMethodCompiler.Compile: 0.63ms
OptimiseAndLog: out => .Lambda #Lambda1<dataprocessor.Node`2+Action[System.Int32,System.Int32]>(
    System.Int32 $tmp1,
    System.Int32 $tmp2) {
    .Block(System.Int32 $out) {
        $out = .Call .Constant<dataprocessor.tests.Actual_DynamicMethod>(dataprocessor.tests.Actual_DynamicMethod).Add(
            $tmp1,
            $tmp2);
        .Call .Constant<dataprocessor.tests.Actual_DynamicMethod>(dataprocessor.tests.Actual_DynamicMethod).SetActual($out)
    }
}
DynamicMethodCompiler.Compile: 0.94ms
DataProcessorBuilder.Build: 5.66ms
]]></output>
          </test-case>
          <test-case id="0-1026" name="Processor_TwoIn_OneOut_SeparatePackets" fullname="dataprocessor.tests.Actual_DynamicMethod.Processor_TwoIn_OneOut_SeparatePackets" methodname="Processor_TwoIn_OneOut_SeparatePackets" classname="dataprocessor.tests.VerifyAPI" runstate="Runnable" seed="584948824" result="Passed" start-time="2018-04-17 12:37:19Z" end-time="2018-04-17 12:37:19Z" duration="0.005377" asserts="4">
            <output><![CDATA[SortDependenciesFirst: dataprocessor.Collation.ProcessorInfo, dataprocessor.Collation.ProcessorInfo
Splitting: out
OptimiseAndLog: in1 => .Lambda #Lambda1<System.Action`1[System.Int32]>(System.Int32 $in1) {
    .Block() {
        .Call .Constant<dataprocessor.Node`2[System.Int32,System.Int32]>(dataprocessor.Node`2[System.Int32,System.Int32]).Set1($in1)
    }
}
DynamicMethodCompiler.Compile: 0.32ms
OptimiseAndLog: in2 => .Lambda #Lambda1<System.Action`1[System.Int32]>(System.Int32 $in2) {
    .Block() {
        .Call .Constant<dataprocessor.Node`2[System.Int32,System.Int32]>(dataprocessor.Node`2[System.Int32,System.Int32]).Set2($in2)
    }
}
DynamicMethodCompiler.Compile: 0.22ms
OptimiseAndLog: out => .Lambda #Lambda1<dataprocessor.Node`2+Action[System.Int32,System.Int32]>(
    System.Int32 $in1,
    System.Int32 $in2) {
    .Block(System.Int32 $out) {
        $out = .Call .Constant<dataprocessor.tests.Actual_DynamicMethod>(dataprocessor.tests.Actual_DynamicMethod).Add(
            $in1,
            $in2);
        .Call .Constant<dataprocessor.tests.Actual_DynamicMethod>(dataprocessor.tests.Actual_DynamicMethod).SetActual($out)
    }
}
DynamicMethodCompiler.Compile: 1.73ms
DataProcessorBuilder.Build: 3.85ms
]]></output>
          </test-case>
          <test-case id="0-1021" name="TwoIn_OneOut" fullname="dataprocessor.tests.Actual_DynamicMethod.TwoIn_OneOut" methodname="TwoIn_OneOut" classname="dataprocessor.tests.VerifyAPI" runstate="Runnable" seed="509431521" result="Passed" start-time="2018-04-17 12:37:19Z" end-time="2018-04-17 12:37:19Z" duration="0.014210" asserts="2">
            <output><![CDATA[SortDependenciesFirst: dataprocessor.Collation.ProcessorInfo
Splitting: a,b
OptimiseAndLog: a => .Lambda #Lambda1<System.Action`1[System.Int32]>(System.Int32 $a) {
    .Block() {
        .Call .Constant<dataprocessor.Node`2[System.Int32,System.Int32]>(dataprocessor.Node`2[System.Int32,System.Int32]).Set1($a)
    }
}
DynamicMethodCompiler.Compile: 0.31ms
OptimiseAndLog: b => .Lambda #Lambda1<System.Action`1[System.Int32]>(System.Int32 $b) {
    .Block() {
        .Call .Constant<dataprocessor.Node`2[System.Int32,System.Int32]>(dataprocessor.Node`2[System.Int32,System.Int32]).Set2($b)
    }
}
DynamicMethodCompiler.Compile: 0.23ms
OptimiseAndLog: a,b => .Lambda #Lambda1<dataprocessor.Node`2+Action[System.Int32,System.Int32]>(
    System.Int32 $a,
    System.Int32 $b) {
    .Block() {
        .Call .Constant<dataprocessor.tests.VerifyAPI>(dataprocessor.tests.Actual_DynamicMethod).SetActual($a + $b)
    }
}
DynamicMethodCompiler.Compile: 0.47ms
DataProcessorBuilder.Build: 6.26ms
]]></output>
          </test-case>
        </test-suite>
        <test-suite type="TestFixture" id="0-1034" name="Actual_MethodBuilder" fullname="dataprocessor.tests.Actual_MethodBuilder" classname="dataprocessor.tests.Actual_MethodBuilder" runstate="Runnable" testcasecount="16" result="Passed" start-time="2018-04-17 12:37:19Z" end-time="2018-04-17 12:37:19Z" duration="0.188014" total="16" passed="16" failed="0" warnings="0" inconclusive="0" skipped="0" asserts="48">
          <test-case id="0-1035" name="AddInput_ArgChecks" fullname="dataprocessor.tests.Actual_MethodBuilder.AddInput_ArgChecks" methodname="AddInput_ArgChecks" classname="dataprocessor.tests.VerifyAPI" runstate="Runnable" seed="1193260033" result="Passed" start-time="2018-04-17 12:37:19Z" end-time="2018-04-17 12:37:19Z" duration="0.012571" asserts="5" />
          <test-case id="0-1036" name="AddListener_ArgChecks" fullname="dataprocessor.tests.Actual_MethodBuilder.AddListener_ArgChecks" methodname="AddListener_ArgChecks" classname="dataprocessor.tests.VerifyAPI" runstate="Runnable" seed="484760554" result="Passed" start-time="2018-04-17 12:37:19Z" end-time="2018-04-17 12:37:19Z" duration="0.001691" asserts="5" />
          <test-case id="0-1050" name="GetAllNames" fullname="dataprocessor.tests.Actual_MethodBuilder.GetAllNames" methodname="GetAllNames" classname="dataprocessor.tests.VerifyAPI" runstate="Runnable" seed="1804637126" result="Passed" start-time="2018-04-17 12:37:19Z" end-time="2018-04-17 12:37:19Z" duration="0.001373" asserts="2" />
          <test-case id="0-1049" name="GetName" fullname="dataprocessor.tests.Actual_MethodBuilder.GetName" methodname="GetName" classname="dataprocessor.tests.VerifyAPI" runstate="Runnable" seed="1204642454" result="Passed" start-time="2018-04-17 12:37:19Z" end-time="2018-04-17 12:37:19Z" duration="0.007543" asserts="3" />
          <test-case id="0-1039" name="OneIn_DifferentOut" fullname="dataprocessor.tests.Actual_MethodBuilder.OneIn_DifferentOut" methodname="OneIn_DifferentOut" classname="dataprocessor.tests.VerifyAPI" runstate="Runnable" seed="274970045" result="Passed" start-time="2018-04-17 12:37:19Z" end-time="2018-04-17 12:37:19Z" duration="0.044946" asserts="2">
            <output><![CDATA[SortDependenciesFirst: dataprocessor.Collation.ProcessorInfo
OptimiseAndLog: bob => .Lambda #Lambda1<System.Action`1[System.Int32]>(System.Int32 $bob) {
    .Block() {
        .Default(System.Void)
    }
}
MethodBuilderCompiler.Compile: 38.99ms
DataProcessorBuilder.Build: 43.12ms
]]></output>
          </test-case>
          <test-case id="0-1037" name="OneIn_OneOut" fullname="dataprocessor.tests.Actual_MethodBuilder.OneIn_OneOut" methodname="OneIn_OneOut" classname="dataprocessor.tests.VerifyAPI" runstate="Runnable" seed="1092990213" result="Passed" start-time="2018-04-17 12:37:19Z" end-time="2018-04-17 12:37:19Z" duration="0.021254" asserts="2">
            <output><![CDATA[SortDependenciesFirst: dataprocessor.Collation.ProcessorInfo
OptimiseAndLog: bob => .Lambda #Lambda1<System.Action`1[System.Int32]>(System.Int32 $bob) {
    .Block() {
        .Call .Constant<dataprocessor.tests.Actual_MethodBuilder>(dataprocessor.tests.Actual_MethodBuilder).SetActual($bob)
    }
}
MethodBuilderCompiler.Compile: 18.12ms
DataProcessorBuilder.Build: 19.97ms
]]></output>
          </test-case>
          <test-case id="0-1040" name="OneIn_TwoOut" fullname="dataprocessor.tests.Actual_MethodBuilder.OneIn_TwoOut" methodname="OneIn_TwoOut" classname="dataprocessor.tests.VerifyAPI" runstate="Runnable" seed="1726609874" result="Passed" start-time="2018-04-17 12:37:19Z" end-time="2018-04-17 12:37:19Z" duration="0.003780" asserts="4">
            <output><![CDATA[SortDependenciesFirst: dataprocessor.Collation.ProcessorInfo, dataprocessor.Collation.ProcessorInfo
OptimiseAndLog: bob => .Lambda #Lambda1<System.Action`1[System.Int32]>(System.Int32 $bob) {
    .Block() {
        .Call .Constant<dataprocessor.tests.Actual_MethodBuilder>(dataprocessor.tests.Actual_MethodBuilder).SetActual2($bob);
        .Call .Constant<dataprocessor.tests.Actual_MethodBuilder>(dataprocessor.tests.Actual_MethodBuilder).SetActual($bob)
    }
}
MethodBuilderCompiler.Compile: 1.56ms
DataProcessorBuilder.Build: 2.32ms
]]></output>
          </test-case>
          <test-case id="0-1041" name="OneIn_ZeroOut" fullname="dataprocessor.tests.Actual_MethodBuilder.OneIn_ZeroOut" methodname="OneIn_ZeroOut" classname="dataprocessor.tests.VerifyAPI" runstate="Runnable" seed="841941229" result="Passed" start-time="2018-04-17 12:37:19Z" end-time="2018-04-17 12:37:19Z" duration="0.007010" asserts="0">
            <output><![CDATA[SortDependenciesFirst: 
OptimiseAndLog: bob => .Lambda #Lambda1<System.Action`1[System.Int32]>(System.Int32 $bob) {
    .Block() {
        .Default(System.Void)
    }
}
MethodBuilderCompiler.Compile: 0.39ms
DataProcessorBuilder.Build: 3.88ms
]]></output>
          </test-case>
          <test-case id="0-1044" name="Processor_Chained" fullname="dataprocessor.tests.Actual_MethodBuilder.Processor_Chained" methodname="Processor_Chained" classname="dataprocessor.tests.VerifyAPI" runstate="Runnable" seed="2009445231" result="Passed" start-time="2018-04-17 12:37:19Z" end-time="2018-04-17 12:37:19Z" duration="0.006401" asserts="3">
            <output><![CDATA[SortDependenciesFirst: dataprocessor.Collation.ProcessorInfo, dataprocessor.Collation.ProcessorInfo, dataprocessor.Collation.ProcessorInfo, dataprocessor.Collation.ProcessorInfo
OptimiseAndLog: in => .Lambda #Lambda1<System.Action`1[System.Int32]>(System.Int32 $in) {
    .Block(
        System.Int32 $tmp2,
        System.Int32 $tmp1,
        System.Int32 $out) {
        $tmp2 = .Call .Constant<dataprocessor.tests.Actual_MethodBuilder>(dataprocessor.tests.Actual_MethodBuilder).Plus2($in);
        $tmp1 = .Call .Constant<dataprocessor.tests.Actual_MethodBuilder>(dataprocessor.tests.Actual_MethodBuilder).Plus1($in);
        $out = .Call .Constant<dataprocessor.tests.Actual_MethodBuilder>(dataprocessor.tests.Actual_MethodBuilder).Add(
            $tmp1,
            $tmp2);
        .Call .Constant<dataprocessor.tests.Actual_MethodBuilder>(dataprocessor.tests.Actual_MethodBuilder).SetActual($out)
    }
}
MethodBuilderCompiler.Compile: 2ms
DataProcessorBuilder.Build: 3.88ms
]]></output>
          </test-case>
          <test-case id="0-1042" name="Processor_OneIn_OneOut" fullname="dataprocessor.tests.Actual_MethodBuilder.Processor_OneIn_OneOut" methodname="Processor_OneIn_OneOut" classname="dataprocessor.tests.VerifyAPI" runstate="Runnable" seed="2124689706" result="Passed" start-time="2018-04-17 12:37:19Z" end-time="2018-04-17 12:37:19Z" duration="0.003029" asserts="2">
            <output><![CDATA[SortDependenciesFirst: dataprocessor.Collation.ProcessorInfo, dataprocessor.Collation.ProcessorInfo
OptimiseAndLog: in => .Lambda #Lambda1<System.Action`1[System.Int32]>(System.Int32 $in) {
    .Block(System.Int32 $out) {
        $out = .Call .Constant<dataprocessor.tests.Actual_MethodBuilder>(dataprocessor.tests.Actual_MethodBuilder).Plus1($in);
        .Call .Constant<dataprocessor.tests.Actual_MethodBuilder>(dataprocessor.tests.Actual_MethodBuilder).SetActual($out)
    }
}
MethodBuilderCompiler.Compile: 0.83ms
DataProcessorBuilder.Build: 1.7ms
]]></output>
          </test-case>
          <test-case id="0-1046" name="Processor_Optional" fullname="dataprocessor.tests.Actual_MethodBuilder.Processor_Optional" methodname="Processor_Optional" classname="dataprocessor.tests.VerifyAPI" runstate="Runnable" seed="1010754711" result="Passed" start-time="2018-04-17 12:37:19Z" end-time="2018-04-17 12:37:19Z" duration="0.022478" asserts="4">
            <output><![CDATA[SortDependenciesFirst: dataprocessor.Collation.ProcessorInfo, dataprocessor.Collation.ProcessorInfo
OptimiseAndLog: in => .Lambda #Lambda1<System.Action`1[System.Int32]>(System.Int32 $in) {
    .Block(dataprocessor.Maybe`1[System.Int32] $out) {
        $out = .If ($in == 10) {
            dataprocessor.Maybe`1[System.Int32].Nothing
        } .Else {
            .Call dataprocessor.Maybe`1[System.Int32].Just($in)
        };
        .If (
            $out.IsPresent
        ) {
            .Call .Constant<dataprocessor.tests.Actual_MethodBuilder>(dataprocessor.tests.Actual_MethodBuilder).SetActual($out.Value)
        } .Else {
            .Default(System.Void)
        }
    }
}
MethodBuilderCompiler.Compile: 14.94ms
DataProcessorBuilder.Build: 20.06ms
]]></output>
          </test-case>
          <test-case id="0-1048" name="Processor_Optional_Chained" fullname="dataprocessor.tests.Actual_MethodBuilder.Processor_Optional_Chained" methodname="Processor_Optional_Chained" classname="dataprocessor.tests.VerifyAPI" runstate="Runnable" seed="396787248" result="Passed" start-time="2018-04-17 12:37:19Z" end-time="2018-04-17 12:37:19Z" duration="0.008072" asserts="4">
            <output><![CDATA[SortDependenciesFirst: dataprocessor.Collation.ProcessorInfo, dataprocessor.Collation.ProcessorInfo, dataprocessor.Collation.ProcessorInfo
OptimiseAndLog: in1 => .Lambda #Lambda1<System.Action`1[System.Int32]>(System.Int32 $in1) {
    .Block(
        dataprocessor.Maybe`1[System.Int32] $in2,
        dataprocessor.Maybe`1[System.Int32] $out) {
        $in2 = .If ($in1 == 10) {
            dataprocessor.Maybe`1[System.Int32].Nothing
        } .Else {
            .Call dataprocessor.Maybe`1[System.Int32].Just($in1)
        };
        .If (
            $in2.IsPresent
        ) {
            $out = .Call dataprocessor.Maybe`1[System.Int32].Just($in2.Value + 1)
        } .Else {
            .Default(System.Void)
        };
        .If (
            $out.IsPresent
        ) {
            .Call .Constant<dataprocessor.tests.Actual_MethodBuilder>(dataprocessor.tests.Actual_MethodBuilder).SetActual($out.Value)
        } .Else {
            .Default(System.Void)
        }
    }
}
MethodBuilderCompiler.Compile: 1.36ms
DataProcessorBuilder.Build: 3.1ms
]]></output>
          </test-case>
          <test-case id="0-1047" name="Processor_Optional_Two" fullname="dataprocessor.tests.Actual_MethodBuilder.Processor_Optional_Two" methodname="Processor_Optional_Two" classname="dataprocessor.tests.VerifyAPI" runstate="Runnable" seed="477889686" result="Passed" start-time="2018-04-17 12:37:19Z" end-time="2018-04-17 12:37:19Z" duration="0.011739" asserts="4">
            <output><![CDATA[SortDependenciesFirst: dataprocessor.Collation.ProcessorInfo, dataprocessor.Collation.ProcessorInfo
Splitting: out
OptimiseAndLog: in1 => .Lambda #Lambda1<System.Action`1[System.Int32]>(System.Int32 $in1) {
    .Block() {
        .Call .Constant<dataprocessor.Node`2[System.Int32,System.Int32]>(dataprocessor.Node`2[System.Int32,System.Int32]).Set1($in1)
    }
}
MethodBuilderCompiler.Compile: 1.12ms
OptimiseAndLog: in2 => .Lambda #Lambda1<System.Action`1[System.Int32]>(System.Int32 $in2) {
    .Block() {
        .Call .Constant<dataprocessor.Node`2[System.Int32,System.Int32]>(dataprocessor.Node`2[System.Int32,System.Int32]).Set2($in2)
    }
}
MethodBuilderCompiler.Compile: 0.64ms
OptimiseAndLog: out => .Lambda #Lambda1<dataprocessor.Node`2+Action[System.Int32,System.Int32]>(
    System.Int32 $in1,
    System.Int32 $in2) {
    .Block(dataprocessor.Maybe`1[System.Int32] $out) {
        $out = .If ($in1 == 0) {
            dataprocessor.Maybe`1[System.Int32].Nothing
        } .Else {
            .Call dataprocessor.Maybe`1[System.Int32].Just($in2)
        };
        .If (
            $out.IsPresent
        ) {
            .Call .Constant<dataprocessor.tests.Actual_MethodBuilder>(dataprocessor.tests.Actual_MethodBuilder).SetActual($out.Value)
        } .Else {
            .Default(System.Void)
        }
    }
}
MethodBuilderCompiler.Compile: 0.83ms
DataProcessorBuilder.Build: 7.27ms
]]></output>
          </test-case>
          <test-case id="0-1045" name="Processor_TwoIn_Chained" fullname="dataprocessor.tests.Actual_MethodBuilder.Processor_TwoIn_Chained" methodname="Processor_TwoIn_Chained" classname="dataprocessor.tests.VerifyAPI" runstate="Runnable" seed="952707847" result="Passed" start-time="2018-04-17 12:37:19Z" end-time="2018-04-17 12:37:19Z" duration="0.009918" asserts="2">
            <output><![CDATA[SortDependenciesFirst: dataprocessor.Collation.ProcessorInfo, dataprocessor.Collation.ProcessorInfo, dataprocessor.Collation.ProcessorInfo, dataprocessor.Collation.ProcessorInfo
Splitting: out
OptimiseAndLog: in1 => .Lambda #Lambda1<System.Action`1[System.Int32]>(System.Int32 $in1) {
    .Block(System.Int32 $tmp1) {
        $tmp1 = .Call .Constant<dataprocessor.tests.Actual_MethodBuilder>(dataprocessor.tests.Actual_MethodBuilder).Plus1($in1);
        .Call .Constant<dataprocessor.Node`2[System.Int32,System.Int32]>(dataprocessor.Node`2[System.Int32,System.Int32]).Set1($tmp1)
    }
}
MethodBuilderCompiler.Compile: 0.58ms
OptimiseAndLog: in2 => .Lambda #Lambda1<System.Action`1[System.Int32]>(System.Int32 $in2) {
    .Block(System.Int32 $tmp2) {
        $tmp2 = .Call .Constant<dataprocessor.tests.Actual_MethodBuilder>(dataprocessor.tests.Actual_MethodBuilder).Plus2($in2);
        .Call .Constant<dataprocessor.Node`2[System.Int32,System.Int32]>(dataprocessor.Node`2[System.Int32,System.Int32]).Set2($tmp2)
    }
}
MethodBuilderCompiler.Compile: 0.5ms
OptimiseAndLog: out => .Lambda #Lambda1<dataprocessor.Node`2+Action[System.Int32,System.Int32]>(
    System.Int32 $tmp1,
    System.Int32 $tmp2) {
    .Block(System.Int32 $out) {
        $out = .Call .Constant<dataprocessor.tests.Actual_MethodBuilder>(dataprocessor.tests.Actual_MethodBuilder).Add(
            $tmp1,
            $tmp2);
        .Call .Constant<dataprocessor.tests.Actual_MethodBuilder>(dataprocessor.tests.Actual_MethodBuilder).SetActual($out)
    }
}
MethodBuilderCompiler.Compile: 2.25ms
DataProcessorBuilder.Build: 6.82ms
]]></output>
          </test-case>
          <test-case id="0-1043" name="Processor_TwoIn_OneOut_SeparatePackets" fullname="dataprocessor.tests.Actual_MethodBuilder.Processor_TwoIn_OneOut_SeparatePackets" methodname="Processor_TwoIn_OneOut_SeparatePackets" classname="dataprocessor.tests.VerifyAPI" runstate="Runnable" seed="626097939" result="Passed" start-time="2018-04-17 12:37:19Z" end-time="2018-04-17 12:37:19Z" duration="0.007769" asserts="4">
            <output><![CDATA[SortDependenciesFirst: dataprocessor.Collation.ProcessorInfo, dataprocessor.Collation.ProcessorInfo
Splitting: out
OptimiseAndLog: in1 => .Lambda #Lambda1<System.Action`1[System.Int32]>(System.Int32 $in1) {
    .Block() {
        .Call .Constant<dataprocessor.Node`2[System.Int32,System.Int32]>(dataprocessor.Node`2[System.Int32,System.Int32]).Set1($in1)
    }
}
MethodBuilderCompiler.Compile: 0.67ms
OptimiseAndLog: in2 => .Lambda #Lambda1<System.Action`1[System.Int32]>(System.Int32 $in2) {
    .Block() {
        .Call .Constant<dataprocessor.Node`2[System.Int32,System.Int32]>(dataprocessor.Node`2[System.Int32,System.Int32]).Set2($in2)
    }
}
MethodBuilderCompiler.Compile: 1.97ms
OptimiseAndLog: out => .Lambda #Lambda1<dataprocessor.Node`2+Action[System.Int32,System.Int32]>(
    System.Int32 $in1,
    System.Int32 $in2) {
    .Block(System.Int32 $out) {
        $out = .Call .Constant<dataprocessor.tests.Actual_MethodBuilder>(dataprocessor.tests.Actual_MethodBuilder).Add(
            $in1,
            $in2);
        .Call .Constant<dataprocessor.tests.Actual_MethodBuilder>(dataprocessor.tests.Actual_MethodBuilder).SetActual($out)
    }
}
MethodBuilderCompiler.Compile: 0.89ms
DataProcessorBuilder.Build: 5.59ms
]]></output>
          </test-case>
          <test-case id="0-1038" name="TwoIn_OneOut" fullname="dataprocessor.tests.Actual_MethodBuilder.TwoIn_OneOut" methodname="TwoIn_OneOut" classname="dataprocessor.tests.VerifyAPI" runstate="Runnable" seed="352409222" result="Passed" start-time="2018-04-17 12:37:19Z" end-time="2018-04-17 12:37:19Z" duration="0.016440" asserts="2">
            <output><![CDATA[SortDependenciesFirst: dataprocessor.Collation.ProcessorInfo
Splitting: a,b
OptimiseAndLog: a => .Lambda #Lambda1<System.Action`1[System.Int32]>(System.Int32 $a) {
    .Block() {
        .Call .Constant<dataprocessor.Node`2[System.Int32,System.Int32]>(dataprocessor.Node`2[System.Int32,System.Int32]).Set1($a)
    }
}
MethodBuilderCompiler.Compile: 1.17ms
OptimiseAndLog: b => .Lambda #Lambda1<System.Action`1[System.Int32]>(System.Int32 $b) {
    .Block() {
        .Call .Constant<dataprocessor.Node`2[System.Int32,System.Int32]>(dataprocessor.Node`2[System.Int32,System.Int32]).Set2($b)
    }
}
MethodBuilderCompiler.Compile: 1.54ms
OptimiseAndLog: a,b => .Lambda #Lambda1<dataprocessor.Node`2+Action[System.Int32,System.Int32]>(
    System.Int32 $a,
    System.Int32 $b) {
    .Block() {
        .Call .Constant<dataprocessor.tests.VerifyAPI>(dataprocessor.tests.Actual_MethodBuilder).SetActual($a + $b)
    }
}
MethodBuilderCompiler.Compile: 0.53ms
DataProcessorBuilder.Build: 14.13ms
]]></output>
          </test-case>
        </test-suite>
        <test-suite type="TestFixture" id="0-1067" name="AddListenerOverloadTests" fullname="dataprocessor.tests.AddListenerOverloadTests" classname="dataprocessor.tests.AddListenerOverloadTests" runstate="Runnable" testcasecount="14" result="Passed" start-time="2018-04-17 12:37:19Z" end-time="2018-04-17 12:37:20Z" duration="0.168951" total="14" passed="14" failed="0" warnings="0" inconclusive="0" skipped="0" asserts="14">
          <test-case id="0-1068" name="AddListener1" fullname="dataprocessor.tests.AddListenerOverloadTests.AddListener1" methodname="AddListener1" classname="dataprocessor.tests.AddListenerOverloadTests" runstate="Runnable" seed="1548921621" result="Passed" start-time="2018-04-17 12:37:19Z" end-time="2018-04-17 12:37:19Z" duration="0.022737" asserts="1">
            <output><![CDATA[SortDependenciesFirst: dataprocessor.Collation.ProcessorInfo
OptimiseAndLog: i => .Lambda #Lambda1<System.Action`1[System.Int32]>(System.Int32 $i) {
    .Block() {
        .Call .Constant<dataprocessor.tests.AddListenerOverloadTests>(dataprocessor.tests.AddListenerOverloadTests).<AddListener1>b__5_0($i)
    }
}
DynamicMethodCompiler.Compile: 17.06ms
DataProcessorBuilder.Build: 17.7ms
]]></output>
          </test-case>
          <test-case id="0-1070" name="AddListener2" fullname="dataprocessor.tests.AddListenerOverloadTests.AddListener2" methodname="AddListener2" classname="dataprocessor.tests.AddListenerOverloadTests" runstate="Runnable" seed="1553373998" result="Passed" start-time="2018-04-17 12:37:19Z" end-time="2018-04-17 12:37:19Z" duration="0.005553" asserts="1">
            <output><![CDATA[SortDependenciesFirst: dataprocessor.Collation.ProcessorInfo
OptimiseAndLog: i => .Lambda #Lambda1<System.Action`1[System.Int32]>(System.Int32 $i) {
    .Block() {
        .Call .Constant<dataprocessor.tests.AddListenerOverloadTests>(dataprocessor.tests.AddListenerOverloadTests).<AddListener2>b__7_0(
            $i,
            $i)
    }
}
DynamicMethodCompiler.Compile: 0.74ms
DataProcessorBuilder.Build: 1.4ms
]]></output>
          </test-case>
          <test-case id="0-1072" name="AddListener3" fullname="dataprocessor.tests.AddListenerOverloadTests.AddListener3" methodname="AddListener3" classname="dataprocessor.tests.AddListenerOverloadTests" runstate="Runnable" seed="1264539194" result="Passed" start-time="2018-04-17 12:37:19Z" end-time="2018-04-17 12:37:20Z" duration="0.011152" asserts="1">
            <output><![CDATA[SortDependenciesFirst: dataprocessor.Collation.ProcessorInfo
OptimiseAndLog: i => .Lambda #Lambda1<System.Action`1[System.Int32]>(System.Int32 $i) {
    .Block() {
        .Call .Constant<dataprocessor.tests.AddListenerOverloadTests>(dataprocessor.tests.AddListenerOverloadTests).<AddListener3>b__9_0(
            $i,
            $i,
            $i)
    }
}
DynamicMethodCompiler.Compile: 0.47ms
DataProcessorBuilder.Build: 1.34ms
]]></output>
          </test-case>
          <test-case id="0-1074" name="AddListener4" fullname="dataprocessor.tests.AddListenerOverloadTests.AddListener4" methodname="AddListener4" classname="dataprocessor.tests.AddListenerOverloadTests" runstate="Runnable" seed="1605617355" result="Passed" start-time="2018-04-17 12:37:20Z" end-time="2018-04-17 12:37:20Z" duration="0.009073" asserts="1">
            <output><![CDATA[SortDependenciesFirst: dataprocessor.Collation.ProcessorInfo
OptimiseAndLog: i => .Lambda #Lambda1<System.Action`1[System.Int32]>(System.Int32 $i) {
    .Block() {
        .Call .Constant<dataprocessor.tests.AddListenerOverloadTests>(dataprocessor.tests.AddListenerOverloadTests).<AddListener4>b__11_0(
            $i,
            $i,
            $i,
            $i)
    }
}
DynamicMethodCompiler.Compile: 1.06ms
DataProcessorBuilder.Build: 2.77ms
]]></output>
          </test-case>
          <test-case id="0-1076" name="AddListener5" fullname="dataprocessor.tests.AddListenerOverloadTests.AddListener5" methodname="AddListener5" classname="dataprocessor.tests.AddListenerOverloadTests" runstate="Runnable" seed="2204224" result="Passed" start-time="2018-04-17 12:37:20Z" end-time="2018-04-17 12:37:20Z" duration="0.012470" asserts="1">
            <output><![CDATA[SortDependenciesFirst: dataprocessor.Collation.ProcessorInfo
OptimiseAndLog: i => .Lambda #Lambda1<System.Action`1[System.Int32]>(System.Int32 $i) {
    .Block() {
        .Call .Constant<dataprocessor.tests.AddListenerOverloadTests>(dataprocessor.tests.AddListenerOverloadTests).<AddListener5>b__13_0(
            $i,
            $i,
            $i,
            $i,
            $i)
    }
}
DynamicMethodCompiler.Compile: 1.1ms
DataProcessorBuilder.Build: 2.67ms
]]></output>
          </test-case>
          <test-case id="0-1078" name="AddListener6" fullname="dataprocessor.tests.AddListenerOverloadTests.AddListener6" methodname="AddListener6" classname="dataprocessor.tests.AddListenerOverloadTests" runstate="Runnable" seed="1603478914" result="Passed" start-time="2018-04-17 12:37:20Z" end-time="2018-04-17 12:37:20Z" duration="0.012281" asserts="1">
            <output><![CDATA[SortDependenciesFirst: dataprocessor.Collation.ProcessorInfo
OptimiseAndLog: i => .Lambda #Lambda1<System.Action`1[System.Int32]>(System.Int32 $i) {
    .Block() {
        .Call .Constant<dataprocessor.tests.AddListenerOverloadTests>(dataprocessor.tests.AddListenerOverloadTests).<AddListener6>b__15_0(
            $i,
            $i,
            $i,
            $i,
            $i,
            $i)
    }
}
DynamicMethodCompiler.Compile: 0.74ms
DataProcessorBuilder.Build: 1.75ms
]]></output>
          </test-case>
          <test-case id="0-1080" name="AddListener7" fullname="dataprocessor.tests.AddListenerOverloadTests.AddListener7" methodname="AddListener7" classname="dataprocessor.tests.AddListenerOverloadTests" runstate="Runnable" seed="17124722" result="Passed" start-time="2018-04-17 12:37:20Z" end-time="2018-04-17 12:37:20Z" duration="0.017875" asserts="1">
            <output><![CDATA[SortDependenciesFirst: dataprocessor.Collation.ProcessorInfo
OptimiseAndLog: i => .Lambda #Lambda1<System.Action`1[System.Int32]>(System.Int32 $i) {
    .Block() {
        .Call .Constant<dataprocessor.tests.AddListenerOverloadTests>(dataprocessor.tests.AddListenerOverloadTests).<AddListener7>b__17_0(
            $i,
            $i,
            $i,
            $i,
            $i,
            $i,
            $i)
    }
}
DynamicMethodCompiler.Compile: 0.64ms
DataProcessorBuilder.Build: 2.21ms
]]></output>
          </test-case>
          <test-case id="0-1069" name="AddListenerExpression1" fullname="dataprocessor.tests.AddListenerOverloadTests.AddListenerExpression1" methodname="AddListenerExpression1" classname="dataprocessor.tests.AddListenerOverloadTests" runstate="Runnable" seed="2061180907" result="Passed" start-time="2018-04-17 12:37:20Z" end-time="2018-04-17 12:37:20Z" duration="0.016513" asserts="1">
            <output><![CDATA[SortDependenciesFirst: dataprocessor.Collation.ProcessorInfo
OptimiseAndLog: i => .Lambda #Lambda1<System.Action`1[System.Int32]>(System.Int32 $i) {
    .Block<System.Void>() {
        .Call .Constant<dataprocessor.tests.AddListenerOverloadTests>(dataprocessor.tests.AddListenerOverloadTests).Sum(.NewArray System.Int32[] {
                $i
            })
    }
}
DynamicMethodCompiler.Compile: 8.56ms
DataProcessorBuilder.Build: 12.24ms
]]></output>
          </test-case>
          <test-case id="0-1071" name="AddListenerExpression2" fullname="dataprocessor.tests.AddListenerOverloadTests.AddListenerExpression2" methodname="AddListenerExpression2" classname="dataprocessor.tests.AddListenerOverloadTests" runstate="Runnable" seed="1241149688" result="Passed" start-time="2018-04-17 12:37:20Z" end-time="2018-04-17 12:37:20Z" duration="0.002883" asserts="1">
            <output><![CDATA[SortDependenciesFirst: dataprocessor.Collation.ProcessorInfo
OptimiseAndLog: i => .Lambda #Lambda1<System.Action`1[System.Int32]>(System.Int32 $i) {
    .Block<System.Void>() {
        .Call .Constant<dataprocessor.tests.AddListenerOverloadTests>(dataprocessor.tests.AddListenerOverloadTests).Sum(.NewArray System.Int32[] {
                $i,
                $i
            })
    }
}
DynamicMethodCompiler.Compile: 0.94ms
DataProcessorBuilder.Build: 1.63ms
]]></output>
          </test-case>
          <test-case id="0-1073" name="AddListenerExpression3" fullname="dataprocessor.tests.AddListenerOverloadTests.AddListenerExpression3" methodname="AddListenerExpression3" classname="dataprocessor.tests.AddListenerOverloadTests" runstate="Runnable" seed="212936958" result="Passed" start-time="2018-04-17 12:37:20Z" end-time="2018-04-17 12:37:20Z" duration="0.003802" asserts="1">
            <output><![CDATA[SortDependenciesFirst: dataprocessor.Collation.ProcessorInfo
OptimiseAndLog: i => .Lambda #Lambda1<System.Action`1[System.Int32]>(System.Int32 $i) {
    .Block<System.Void>() {
        .Call .Constant<dataprocessor.tests.AddListenerOverloadTests>(dataprocessor.tests.AddListenerOverloadTests).Sum(.NewArray System.Int32[] {
                $i,
                $i,
                $i
            })
    }
}
DynamicMethodCompiler.Compile: 0.86ms
DataProcessorBuilder.Build: 1.48ms
]]></output>
          </test-case>
          <test-case id="0-1075" name="AddListenerExpression4" fullname="dataprocessor.tests.AddListenerOverloadTests.AddListenerExpression4" methodname="AddListenerExpression4" classname="dataprocessor.tests.AddListenerOverloadTests" runstate="Runnable" seed="224056160" result="Passed" start-time="2018-04-17 12:37:20Z" end-time="2018-04-17 12:37:20Z" duration="0.008386" asserts="1">
            <output><![CDATA[SortDependenciesFirst: dataprocessor.Collation.ProcessorInfo
OptimiseAndLog: i => .Lambda #Lambda1<System.Action`1[System.Int32]>(System.Int32 $i) {
    .Block<System.Void>() {
        .Call .Constant<dataprocessor.tests.AddListenerOverloadTests>(dataprocessor.tests.AddListenerOverloadTests).Sum(.NewArray System.Int32[] {
                $i,
                $i,
                $i,
                $i
            })
    }
}
DynamicMethodCompiler.Compile: 1.11ms
DataProcessorBuilder.Build: 6.67ms
]]></output>
          </test-case>
          <test-case id="0-1077" name="AddListenerExpression5" fullname="dataprocessor.tests.AddListenerOverloadTests.AddListenerExpression5" methodname="AddListenerExpression5" classname="dataprocessor.tests.AddListenerOverloadTests" runstate="Runnable" seed="1773483687" result="Passed" start-time="2018-04-17 12:37:20Z" end-time="2018-04-17 12:37:20Z" duration="0.004636" asserts="1">
            <output><![CDATA[SortDependenciesFirst: dataprocessor.Collation.ProcessorInfo
OptimiseAndLog: i => .Lambda #Lambda1<System.Action`1[System.Int32]>(System.Int32 $i) {
    .Block<System.Void>() {
        .Call .Constant<dataprocessor.tests.AddListenerOverloadTests>(dataprocessor.tests.AddListenerOverloadTests).Sum(.NewArray System.Int32[] {
                $i,
                $i,
                $i,
                $i,
                $i
            })
    }
}
DynamicMethodCompiler.Compile: 0.96ms
DataProcessorBuilder.Build: 2.34ms
]]></output>
          </test-case>
          <test-case id="0-1079" name="AddListenerExpression6" fullname="dataprocessor.tests.AddListenerOverloadTests.AddListenerExpression6" methodname="AddListenerExpression6" classname="dataprocessor.tests.AddListenerOverloadTests" runstate="Runnable" seed="1970553057" result="Passed" start-time="2018-04-17 12:37:20Z" end-time="2018-04-17 12:37:20Z" duration="0.013997" asserts="1">
            <output><![CDATA[SortDependenciesFirst: dataprocessor.Collation.ProcessorInfo
OptimiseAndLog: i => .Lambda #Lambda1<System.Action`1[System.Int32]>(System.Int32 $i) {
    .Block<System.Void>() {
        .Call .Constant<dataprocessor.tests.AddListenerOverloadTests>(dataprocessor.tests.AddListenerOverloadTests).Sum(.NewArray System.Int32[] {
                $i,
                $i,
                $i,
                $i,
                $i,
                $i
            })
    }
}
DynamicMethodCompiler.Compile: 0.89ms
DataProcessorBuilder.Build: 1.71ms
]]></output>
          </test-case>
          <test-case id="0-1081" name="AddListenerExpression7" fullname="dataprocessor.tests.AddListenerOverloadTests.AddListenerExpression7" methodname="AddListenerExpression7" classname="dataprocessor.tests.AddListenerOverloadTests" runstate="Runnable" seed="34006206" result="Passed" start-time="2018-04-17 12:37:20Z" end-time="2018-04-17 12:37:20Z" duration="0.011914" asserts="1">
            <output><![CDATA[SortDependenciesFirst: dataprocessor.Collation.ProcessorInfo
OptimiseAndLog: i => .Lambda #Lambda1<System.Action`1[System.Int32]>(System.Int32 $i) {
    .Block<System.Void>() {
        .Call .Constant<dataprocessor.tests.AddListenerOverloadTests>(dataprocessor.tests.AddListenerOverloadTests).Sum(.NewArray System.Int32[] {
                $i,
                $i,
                $i,
                $i,
                $i,
                $i,
                $i
            })
    }
}
DynamicMethodCompiler.Compile: 5.48ms
DataProcessorBuilder.Build: 7.52ms
]]></output>
          </test-case>
        </test-suite>
        <test-suite type="TestFixture" id="0-1082" name="AddProcessorOverloadTests" fullname="dataprocessor.tests.AddProcessorOverloadTests" classname="dataprocessor.tests.AddProcessorOverloadTests" runstate="Runnable" testcasecount="14" result="Passed" start-time="2018-04-17 12:37:20Z" end-time="2018-04-17 12:37:20Z" duration="0.144759" total="14" passed="14" failed="0" warnings="0" inconclusive="0" skipped="0" asserts="14">
          <test-case id="0-1083" name="AddProcessor1" fullname="dataprocessor.tests.AddProcessorOverloadTests.AddProcessor1" methodname="AddProcessor1" classname="dataprocessor.tests.AddProcessorOverloadTests" runstate="Runnable" seed="2027303804" result="Passed" start-time="2018-04-17 12:37:20Z" end-time="2018-04-17 12:37:20Z" duration="0.003217" asserts="1">
            <output><![CDATA[SortDependenciesFirst: dataprocessor.Collation.ProcessorInfo, dataprocessor.Collation.ProcessorInfo
OptimiseAndLog: i => .Lambda #Lambda1<System.Action`1[System.Int32]>(System.Int32 $i) {
    .Block(System.Int32 $o) {
        $o = .Call .Constant<dataprocessor.tests.AddProcessorOverloadTests>(dataprocessor.tests.AddProcessorOverloadTests).<AddProcessor1>b__5_0($i)
        ;
        .Call .Constant<dataprocessor.tests.AddProcessorOverloadTests>(dataprocessor.tests.AddProcessorOverloadTests).<Setup>b__4_0($o)
    }
}
DynamicMethodCompiler.Compile: 0.97ms
DataProcessorBuilder.Build: 1.96ms
]]></output>
          </test-case>
          <test-case id="0-1085" name="AddProcessor2" fullname="dataprocessor.tests.AddProcessorOverloadTests.AddProcessor2" methodname="AddProcessor2" classname="dataprocessor.tests.AddProcessorOverloadTests" runstate="Runnable" seed="591171853" result="Passed" start-time="2018-04-17 12:37:20Z" end-time="2018-04-17 12:37:20Z" duration="0.004544" asserts="1">
            <output><![CDATA[SortDependenciesFirst: dataprocessor.Collation.ProcessorInfo, dataprocessor.Collation.ProcessorInfo
OptimiseAndLog: i => .Lambda #Lambda1<System.Action`1[System.Int32]>(System.Int32 $i) {
    .Block(System.Int32 $o) {
        $o = .Call .Constant<dataprocessor.tests.AddProcessorOverloadTests>(dataprocessor.tests.AddProcessorOverloadTests).<AddProcessor2>b__7_0(
            $i,
            $i);
        .Call .Constant<dataprocessor.tests.AddProcessorOverloadTests>(dataprocessor.tests.AddProcessorOverloadTests).<Setup>b__4_0($o)
    }
}
DynamicMethodCompiler.Compile: 2.54ms
DataProcessorBuilder.Build: 3.27ms
]]></output>
          </test-case>
          <test-case id="0-1087" name="AddProcessor3" fullname="dataprocessor.tests.AddProcessorOverloadTests.AddProcessor3" methodname="AddProcessor3" classname="dataprocessor.tests.AddProcessorOverloadTests" runstate="Runnable" seed="1925280993" result="Passed" start-time="2018-04-17 12:37:20Z" end-time="2018-04-17 12:37:20Z" duration="0.011047" asserts="1">
            <output><![CDATA[SortDependenciesFirst: dataprocessor.Collation.ProcessorInfo, dataprocessor.Collation.ProcessorInfo
OptimiseAndLog: i => .Lambda #Lambda1<System.Action`1[System.Int32]>(System.Int32 $i) {
    .Block(System.Int32 $o) {
        $o = .Call .Constant<dataprocessor.tests.AddProcessorOverloadTests>(dataprocessor.tests.AddProcessorOverloadTests).<AddProcessor3>b__9_0(
            $i,
            $i,
            $i);
        .Call .Constant<dataprocessor.tests.AddProcessorOverloadTests>(dataprocessor.tests.AddProcessorOverloadTests).<Setup>b__4_0($o)
    }
}
DynamicMethodCompiler.Compile: 1.32ms
DataProcessorBuilder.Build: 2.39ms
]]></output>
          </test-case>
          <test-case id="0-1089" name="AddProcessor4" fullname="dataprocessor.tests.AddProcessorOverloadTests.AddProcessor4" methodname="AddProcessor4" classname="dataprocessor.tests.AddProcessorOverloadTests" runstate="Runnable" seed="1562146251" result="Passed" start-time="2018-04-17 12:37:20Z" end-time="2018-04-17 12:37:20Z" duration="0.018666" asserts="1">
            <output><![CDATA[SortDependenciesFirst: dataprocessor.Collation.ProcessorInfo, dataprocessor.Collation.ProcessorInfo
OptimiseAndLog: i => .Lambda #Lambda1<System.Action`1[System.Int32]>(System.Int32 $i) {
    .Block(System.Int32 $o) {
        $o = .Call .Constant<dataprocessor.tests.AddProcessorOverloadTests>(dataprocessor.tests.AddProcessorOverloadTests).<AddProcessor4>b__11_0(
            $i,
            $i,
            $i,
            $i);
        .Call .Constant<dataprocessor.tests.AddProcessorOverloadTests>(dataprocessor.tests.AddProcessorOverloadTests).<Setup>b__4_0($o)
    }
}
DynamicMethodCompiler.Compile: 1.97ms
DataProcessorBuilder.Build: 3.32ms
]]></output>
          </test-case>
          <test-case id="0-1091" name="AddProcessor5" fullname="dataprocessor.tests.AddProcessorOverloadTests.AddProcessor5" methodname="AddProcessor5" classname="dataprocessor.tests.AddProcessorOverloadTests" runstate="Runnable" seed="1155086778" result="Passed" start-time="2018-04-17 12:37:20Z" end-time="2018-04-17 12:37:20Z" duration="0.013063" asserts="1">
            <output><![CDATA[SortDependenciesFirst: dataprocessor.Collation.ProcessorInfo, dataprocessor.Collation.ProcessorInfo
OptimiseAndLog: i => .Lambda #Lambda1<System.Action`1[System.Int32]>(System.Int32 $i) {
    .Block(System.Int32 $o) {
        $o = .Call .Constant<dataprocessor.tests.AddProcessorOverloadTests>(dataprocessor.tests.AddProcessorOverloadTests).<AddProcessor5>b__13_0(
            $i,
            $i,
            $i,
            $i,
            $i);
        .Call .Constant<dataprocessor.tests.AddProcessorOverloadTests>(dataprocessor.tests.AddProcessorOverloadTests).<Setup>b__4_0($o)
    }
}
DynamicMethodCompiler.Compile: 1.49ms
DataProcessorBuilder.Build: 2.7ms
]]></output>
          </test-case>
          <test-case id="0-1093" name="AddProcessor6" fullname="dataprocessor.tests.AddProcessorOverloadTests.AddProcessor6" methodname="AddProcessor6" classname="dataprocessor.tests.AddProcessorOverloadTests" runstate="Runnable" seed="387280308" result="Passed" start-time="2018-04-17 12:37:20Z" end-time="2018-04-17 12:37:20Z" duration="0.019808" asserts="1">
            <output><![CDATA[SortDependenciesFirst: dataprocessor.Collation.ProcessorInfo, dataprocessor.Collation.ProcessorInfo
OptimiseAndLog: i => .Lambda #Lambda1<System.Action`1[System.Int32]>(System.Int32 $i) {
    .Block(System.Int32 $o) {
        $o = .Call .Constant<dataprocessor.tests.AddProcessorOverloadTests>(dataprocessor.tests.AddProcessorOverloadTests).<AddProcessor6>b__15_0(
            $i,
            $i,
            $i,
            $i,
            $i,
            $i);
        .Call .Constant<dataprocessor.tests.AddProcessorOverloadTests>(dataprocessor.tests.AddProcessorOverloadTests).<Setup>b__4_0($o)
    }
}
DynamicMethodCompiler.Compile: 2.39ms
DataProcessorBuilder.Build: 4.34ms
]]></output>
          </test-case>
          <test-case id="0-1095" name="AddProcessor7" fullname="dataprocessor.tests.AddProcessorOverloadTests.AddProcessor7" methodname="AddProcessor7" classname="dataprocessor.tests.AddProcessorOverloadTests" runstate="Runnable" seed="1723541550" result="Passed" start-time="2018-04-17 12:37:20Z" end-time="2018-04-17 12:37:20Z" duration="0.018409" asserts="1">
            <output><![CDATA[SortDependenciesFirst: dataprocessor.Collation.ProcessorInfo, dataprocessor.Collation.ProcessorInfo
OptimiseAndLog: i => .Lambda #Lambda1<System.Action`1[System.Int32]>(System.Int32 $i) {
    .Block(System.Int32 $o) {
        $o = .Call .Constant<dataprocessor.tests.AddProcessorOverloadTests>(dataprocessor.tests.AddProcessorOverloadTests).<AddProcessor7>b__17_0(
            $i,
            $i,
            $i,
            $i,
            $i,
            $i,
            $i);
        .Call .Constant<dataprocessor.tests.AddProcessorOverloadTests>(dataprocessor.tests.AddProcessorOverloadTests).<Setup>b__4_0($o)
    }
}
DynamicMethodCompiler.Compile: 1.21ms
DataProcessorBuilder.Build: 3.09ms
]]></output>
          </test-case>
          <test-case id="0-1084" name="AddProcessorExpression1" fullname="dataprocessor.tests.AddProcessorOverloadTests.AddProcessorExpression1" methodname="AddProcessorExpression1" classname="dataprocessor.tests.AddProcessorOverloadTests" runstate="Runnable" seed="1008125109" result="Passed" start-time="2018-04-17 12:37:20Z" end-time="2018-04-17 12:37:20Z" duration="0.010650" asserts="1">
            <output><![CDATA[SortDependenciesFirst: dataprocessor.Collation.ProcessorInfo, dataprocessor.Collation.ProcessorInfo
OptimiseAndLog: i => .Lambda #Lambda1<System.Action`1[System.Int32]>(System.Int32 $i) {
    .Block(System.Int32 $o) {
        $o = .Call .Constant<dataprocessor.tests.AddProcessorOverloadTests>(dataprocessor.tests.AddProcessorOverloadTests).Sum(.NewArray System.Int32[] {
                $i
            });
        .Call .Constant<dataprocessor.tests.AddProcessorOverloadTests>(dataprocessor.tests.AddProcessorOverloadTests).<Setup>b__4_0($o)
    }
}
DynamicMethodCompiler.Compile: 6.02ms
DataProcessorBuilder.Build: 7.06ms
]]></output>
          </test-case>
          <test-case id="0-1086" name="AddProcessorExpression2" fullname="dataprocessor.tests.AddProcessorOverloadTests.AddProcessorExpression2" methodname="AddProcessorExpression2" classname="dataprocessor.tests.AddProcessorOverloadTests" runstate="Runnable" seed="1744370156" result="Passed" start-time="2018-04-17 12:37:20Z" end-time="2018-04-17 12:37:20Z" duration="0.004770" asserts="1">
            <output><![CDATA[SortDependenciesFirst: dataprocessor.Collation.ProcessorInfo, dataprocessor.Collation.ProcessorInfo
OptimiseAndLog: i => .Lambda #Lambda1<System.Action`1[System.Int32]>(System.Int32 $i) {
    .Block(System.Int32 $o) {
        $o = .Call .Constant<dataprocessor.tests.AddProcessorOverloadTests>(dataprocessor.tests.AddProcessorOverloadTests).Sum(.NewArray System.Int32[] {
                $i,
                $i
            });
        .Call .Constant<dataprocessor.tests.AddProcessorOverloadTests>(dataprocessor.tests.AddProcessorOverloadTests).<Setup>b__4_0($o)
    }
}
DynamicMethodCompiler.Compile: 1.18ms
DataProcessorBuilder.Build: 2.23ms
]]></output>
          </test-case>
          <test-case id="0-1088" name="AddProcessorExpression3" fullname="dataprocessor.tests.AddProcessorOverloadTests.AddProcessorExpression3" methodname="AddProcessorExpression3" classname="dataprocessor.tests.AddProcessorOverloadTests" runstate="Runnable" seed="1207613359" result="Passed" start-time="2018-04-17 12:37:20Z" end-time="2018-04-17 12:37:20Z" duration="0.004875" asserts="1">
            <output><![CDATA[SortDependenciesFirst: dataprocessor.Collation.ProcessorInfo, dataprocessor.Collation.ProcessorInfo
OptimiseAndLog: i => .Lambda #Lambda1<System.Action`1[System.Int32]>(System.Int32 $i) {
    .Block(System.Int32 $o) {
        $o = .Call .Constant<dataprocessor.tests.AddProcessorOverloadTests>(dataprocessor.tests.AddProcessorOverloadTests).Sum(.NewArray System.Int32[] {
                $i,
                $i,
                $i
            });
        .Call .Constant<dataprocessor.tests.AddProcessorOverloadTests>(dataprocessor.tests.AddProcessorOverloadTests).<Setup>b__4_0($o)
    }
}
DynamicMethodCompiler.Compile: 1.79ms
DataProcessorBuilder.Build: 2.95ms
]]></output>
          </test-case>
          <test-case id="0-1090" name="AddProcessorExpression4" fullname="dataprocessor.tests.AddProcessorOverloadTests.AddProcessorExpression4" methodname="AddProcessorExpression4" classname="dataprocessor.tests.AddProcessorOverloadTests" runstate="Runnable" seed="1453684577" result="Passed" start-time="2018-04-17 12:37:20Z" end-time="2018-04-17 12:37:20Z" duration="0.011783" asserts="1">
            <output><![CDATA[SortDependenciesFirst: dataprocessor.Collation.ProcessorInfo, dataprocessor.Collation.ProcessorInfo
OptimiseAndLog: i => .Lambda #Lambda1<System.Action`1[System.Int32]>(System.Int32 $i) {
    .Block(System.Int32 $o) {
        $o = .Call .Constant<dataprocessor.tests.AddProcessorOverloadTests>(dataprocessor.tests.AddProcessorOverloadTests).Sum(.NewArray System.Int32[] {
                $i,
                $i,
                $i,
                $i
            });
        .Call .Constant<dataprocessor.tests.AddProcessorOverloadTests>(dataprocessor.tests.AddProcessorOverloadTests).<Setup>b__4_0($o)
    }
}
DynamicMethodCompiler.Compile: 1.62ms
DataProcessorBuilder.Build: 2.92ms
]]></output>
          </test-case>
          <test-case id="0-1092" name="AddProcessorExpression5" fullname="dataprocessor.tests.AddProcessorOverloadTests.AddProcessorExpression5" methodname="AddProcessorExpression5" classname="dataprocessor.tests.AddProcessorOverloadTests" runstate="Runnable" seed="96047073" result="Passed" start-time="2018-04-17 12:37:20Z" end-time="2018-04-17 12:37:20Z" duration="0.005196" asserts="1">
            <output><![CDATA[SortDependenciesFirst: dataprocessor.Collation.ProcessorInfo, dataprocessor.Collation.ProcessorInfo
OptimiseAndLog: i => .Lambda #Lambda1<System.Action`1[System.Int32]>(System.Int32 $i) {
    .Block(System.Int32 $o) {
        $o = .Call .Constant<dataprocessor.tests.AddProcessorOverloadTests>(dataprocessor.tests.AddProcessorOverloadTests).Sum(.NewArray System.Int32[] {
                $i,
                $i,
                $i,
                $i,
                $i
            });
        .Call .Constant<dataprocessor.tests.AddProcessorOverloadTests>(dataprocessor.tests.AddProcessorOverloadTests).<Setup>b__4_0($o)
    }
}
DynamicMethodCompiler.Compile: 1.12ms
DataProcessorBuilder.Build: 3.23ms
]]></output>
          </test-case>
          <test-case id="0-1094" name="AddProcessorExpression6" fullname="dataprocessor.tests.AddProcessorOverloadTests.AddProcessorExpression6" methodname="AddProcessorExpression6" classname="dataprocessor.tests.AddProcessorOverloadTests" runstate="Runnable" seed="653938831" result="Passed" start-time="2018-04-17 12:37:20Z" end-time="2018-04-17 12:37:20Z" duration="0.007696" asserts="1">
            <output><![CDATA[SortDependenciesFirst: dataprocessor.Collation.ProcessorInfo, dataprocessor.Collation.ProcessorInfo
OptimiseAndLog: i => .Lambda #Lambda1<System.Action`1[System.Int32]>(System.Int32 $i) {
    .Block(System.Int32 $o) {
        $o = .Call .Constant<dataprocessor.tests.AddProcessorOverloadTests>(dataprocessor.tests.AddProcessorOverloadTests).Sum(.NewArray System.Int32[] {
                $i,
                $i,
                $i,
                $i,
                $i,
                $i
            });
        .Call .Constant<dataprocessor.tests.AddProcessorOverloadTests>(dataprocessor.tests.AddProcessorOverloadTests).<Setup>b__4_0($o)
    }
}
DynamicMethodCompiler.Compile: 1.37ms
DataProcessorBuilder.Build: 2.61ms
]]></output>
          </test-case>
          <test-case id="0-1096" name="AddProcessorExpression7" fullname="dataprocessor.tests.AddProcessorOverloadTests.AddProcessorExpression7" methodname="AddProcessorExpression7" classname="dataprocessor.tests.AddProcessorOverloadTests" runstate="Runnable" seed="1834940313" result="Passed" start-time="2018-04-17 12:37:20Z" end-time="2018-04-17 12:37:20Z" duration="0.006990" asserts="1">
            <output><![CDATA[SortDependenciesFirst: dataprocessor.Collation.ProcessorInfo, dataprocessor.Collation.ProcessorInfo
OptimiseAndLog: i => .Lambda #Lambda1<System.Action`1[System.Int32]>(System.Int32 $i) {
    .Block(System.Int32 $o) {
        $o = .Call .Constant<dataprocessor.tests.AddProcessorOverloadTests>(dataprocessor.tests.AddProcessorOverloadTests).Sum(.NewArray System.Int32[] {
                $i,
                $i,
                $i,
                $i,
                $i,
                $i,
                $i
            });
        .Call .Constant<dataprocessor.tests.AddProcessorOverloadTests>(dataprocessor.tests.AddProcessorOverloadTests).<Setup>b__4_0($o)
    }
}
DynamicMethodCompiler.Compile: 3.8ms
DataProcessorBuilder.Build: 4.95ms
]]></output>
          </test-case>
        </test-suite>
        <test-suite type="TestFixture" id="0-1051" name="Expressions" fullname="dataprocessor.tests.Expressions" classname="dataprocessor.tests.Expressions" runstate="Runnable" testcasecount="5" result="Passed" start-time="2018-04-17 12:37:20Z" end-time="2018-04-17 12:37:20Z" duration="0.032245" total="5" passed="5" failed="0" warnings="0" inconclusive="0" skipped="0" asserts="5">
          <test-case id="0-1056" name="ImproveDelegateInvocation_Mixed_Double" fullname="dataprocessor.tests.Expressions.ImproveDelegateInvocation_Mixed_Double" methodname="ImproveDelegateInvocation_Mixed_Double" classname="dataprocessor.tests.Expressions" runstate="Runnable" seed="51432657" result="Passed" start-time="2018-04-17 12:37:20Z" end-time="2018-04-17 12:37:20Z" duration="0.009914" asserts="1">
            <output><![CDATA[.Lambda #Lambda1<System.Func`1[System.Int32]>() {
    .Block(System.Int32 $var1) {
        $var1 = 1;
        .Call dataprocessor.tests.Expressions.StaticDelegate($var1);
        .Call .Constant<dataprocessor.tests.Expressions>(dataprocessor.tests.Expressions).InstanceDelegate($var1)
    }
}
]]></output>
          </test-case>
          <test-case id="0-1055" name="ImproveDelegateInvocation_Static_Single" fullname="dataprocessor.tests.Expressions.ImproveDelegateInvocation_Static_Single" methodname="ImproveDelegateInvocation_Static_Single" classname="dataprocessor.tests.Expressions" runstate="Runnable" seed="1250792184" result="Passed" start-time="2018-04-17 12:37:20Z" end-time="2018-04-17 12:37:20Z" duration="0.000847" asserts="1">
            <output><![CDATA[.Lambda #Lambda1<System.Func`1[System.Int32]>() {
    .Call dataprocessor.tests.Expressions.StaticDelegate(1)
}
]]></output>
          </test-case>
          <test-case id="0-1053" name="InlineLambdas_Double" fullname="dataprocessor.tests.Expressions.InlineLambdas_Double" methodname="InlineLambdas_Double" classname="dataprocessor.tests.Expressions" runstate="Runnable" seed="1209093423" result="Passed" start-time="2018-04-17 12:37:20Z" end-time="2018-04-17 12:37:20Z" duration="0.017443" asserts="1">
            <output><![CDATA[In: .Lambda #Lambda1<System.Func`2[System.Int32,System.Int32]>(System.Int32 $p) {
    .Invoke (.Lambda #Lambda2<System.Func`2[System.Int32,System.Int32]>)($p)
}

.Lambda #Lambda2<System.Func`2[System.Int32,System.Int32]>(System.Int32 $a) {
    .Invoke (.Lambda #Lambda3<System.Func`2[System.Int32,System.Int32]>)($a)
}

.Lambda #Lambda3<System.Func`2[System.Int32,System.Int32]>(System.Int32 $b) {
    $b + $b
}
Actual: .Lambda #Lambda1<System.Func`2[System.Int32,System.Int32]>(System.Int32 $p) {
    $p + $p
}
]]></output>
          </test-case>
          <test-case id="0-1054" name="InlineLambdas_Five" fullname="dataprocessor.tests.Expressions.InlineLambdas_Five" methodname="InlineLambdas_Five" classname="dataprocessor.tests.Expressions" runstate="Runnable" seed="873681256" result="Passed" start-time="2018-04-17 12:37:20Z" end-time="2018-04-17 12:37:20Z" duration="0.001998" asserts="1">
            <output><![CDATA[In: .Lambda #Lambda1<System.Func`2[System.Int32,System.Int32]>(System.Int32 $p) {
    .Invoke (.Lambda #Lambda2<System.Func`2[System.Int32,System.Int32]>)($p)
}

.Lambda #Lambda2<System.Func`2[System.Int32,System.Int32]>(System.Int32 $a) {
    .Invoke (.Lambda #Lambda3<System.Func`2[System.Int32,System.Int32]>)($a)
}

.Lambda #Lambda3<System.Func`2[System.Int32,System.Int32]>(System.Int32 $b) {
    .Invoke (.Lambda #Lambda4<System.Func`2[System.Int32,System.Int32]>)($b)
}

.Lambda #Lambda4<System.Func`2[System.Int32,System.Int32]>(System.Int32 $c) {
    .Invoke (.Lambda #Lambda5<System.Func`2[System.Int32,System.Int32]>)($c)
}

.Lambda #Lambda5<System.Func`2[System.Int32,System.Int32]>(System.Int32 $d) {
    .Invoke (.Lambda #Lambda6<System.Func`2[System.Int32,System.Int32]>)($d)
}

.Lambda #Lambda6<System.Func`2[System.Int32,System.Int32]>(System.Int32 $e) {
    $e + $e
}
Actual: .Lambda #Lambda1<System.Func`2[System.Int32,System.Int32]>(System.Int32 $p) {
    $p + $p
}
]]></output>
          </test-case>
          <test-case id="0-1052" name="InlineLambdas_Single" fullname="dataprocessor.tests.Expressions.InlineLambdas_Single" methodname="InlineLambdas_Single" classname="dataprocessor.tests.Expressions" runstate="Runnable" seed="1400931522" result="Passed" start-time="2018-04-17 12:37:20Z" end-time="2018-04-17 12:37:20Z" duration="0.001507" asserts="1">
            <output><![CDATA[In: .Lambda #Lambda1<System.Func`2[System.Int32,System.Int32]>(System.Int32 $p) {
    .Invoke (.Lambda #Lambda2<System.Func`2[System.Int32,System.Int32]>)($p)
}

.Lambda #Lambda2<System.Func`2[System.Int32,System.Int32]>(System.Int32 $a) {
    $a + $a
}
Actual: .Lambda #Lambda1<System.Func`2[System.Int32,System.Int32]>(System.Int32 $p) {
    $p + $p
}
]]></output>
          </test-case>
        </test-suite>
        <test-suite type="TestFixture" id="0-1000" name="Naive" fullname="dataprocessor.tests.Naive" classname="dataprocessor.tests.Naive" runstate="Runnable" testcasecount="16" result="Passed" start-time="2018-04-17 12:37:20Z" end-time="2018-04-17 12:37:20Z" duration="0.131699" total="16" passed="16" failed="0" warnings="0" inconclusive="0" skipped="0" asserts="48">
          <test-case id="0-1001" name="AddInput_ArgChecks" fullname="dataprocessor.tests.Naive.AddInput_ArgChecks" methodname="AddInput_ArgChecks" classname="dataprocessor.tests.VerifyAPI" runstate="Runnable" seed="968982321" result="Passed" start-time="2018-04-17 12:37:20Z" end-time="2018-04-17 12:37:20Z" duration="0.017457" asserts="5" />
          <test-case id="0-1002" name="AddListener_ArgChecks" fullname="dataprocessor.tests.Naive.AddListener_ArgChecks" methodname="AddListener_ArgChecks" classname="dataprocessor.tests.VerifyAPI" runstate="Runnable" seed="310987143" result="Passed" start-time="2018-04-17 12:37:20Z" end-time="2018-04-17 12:37:20Z" duration="0.020702" asserts="5" />
          <test-case id="0-1016" name="GetAllNames" fullname="dataprocessor.tests.Naive.GetAllNames" methodname="GetAllNames" classname="dataprocessor.tests.VerifyAPI" runstate="Runnable" seed="2046789426" result="Passed" start-time="2018-04-17 12:37:20Z" end-time="2018-04-17 12:37:20Z" duration="0.016768" asserts="2" />
          <test-case id="0-1015" name="GetName" fullname="dataprocessor.tests.Naive.GetName" methodname="GetName" classname="dataprocessor.tests.VerifyAPI" runstate="Runnable" seed="1757290447" result="Passed" start-time="2018-04-17 12:37:20Z" end-time="2018-04-17 12:37:20Z" duration="0.004409" asserts="3" />
          <test-case id="0-1005" name="OneIn_DifferentOut" fullname="dataprocessor.tests.Naive.OneIn_DifferentOut" methodname="OneIn_DifferentOut" classname="dataprocessor.tests.VerifyAPI" runstate="Runnable" seed="1899919834" result="Passed" start-time="2018-04-17 12:37:20Z" end-time="2018-04-17 12:37:20Z" duration="0.006310" asserts="2" />
          <test-case id="0-1003" name="OneIn_OneOut" fullname="dataprocessor.tests.Naive.OneIn_OneOut" methodname="OneIn_OneOut" classname="dataprocessor.tests.VerifyAPI" runstate="Runnable" seed="1571916778" result="Passed" start-time="2018-04-17 12:37:20Z" end-time="2018-04-17 12:37:20Z" duration="0.004486" asserts="2" />
          <test-case id="0-1006" name="OneIn_TwoOut" fullname="dataprocessor.tests.Naive.OneIn_TwoOut" methodname="OneIn_TwoOut" classname="dataprocessor.tests.VerifyAPI" runstate="Runnable" seed="335358310" result="Passed" start-time="2018-04-17 12:37:20Z" end-time="2018-04-17 12:37:20Z" duration="0.003441" asserts="4" />
          <test-case id="0-1007" name="OneIn_ZeroOut" fullname="dataprocessor.tests.Naive.OneIn_ZeroOut" methodname="OneIn_ZeroOut" classname="dataprocessor.tests.VerifyAPI" runstate="Runnable" seed="1176857897" result="Passed" start-time="2018-04-17 12:37:20Z" end-time="2018-04-17 12:37:20Z" duration="0.000288" asserts="0" />
          <test-case id="0-1010" name="Processor_Chained" fullname="dataprocessor.tests.Naive.Processor_Chained" methodname="Processor_Chained" classname="dataprocessor.tests.VerifyAPI" runstate="Runnable" seed="1032643467" result="Passed" start-time="2018-04-17 12:37:20Z" end-time="2018-04-17 12:37:20Z" duration="0.022436" asserts="3" />
          <test-case id="0-1008" name="Processor_OneIn_OneOut" fullname="dataprocessor.tests.Naive.Processor_OneIn_OneOut" methodname="Processor_OneIn_OneOut" classname="dataprocessor.tests.VerifyAPI" runstate="Runnable" seed="1851216873" result="Passed" start-time="2018-04-17 12:37:20Z" end-time="2018-04-17 12:37:20Z" duration="0.003368" asserts="2" />
          <test-case id="0-1012" name="Processor_Optional" fullname="dataprocessor.tests.Naive.Processor_Optional" methodname="Processor_Optional" classname="dataprocessor.tests.VerifyAPI" runstate="Runnable" seed="560003630" result="Passed" start-time="2018-04-17 12:37:20Z" end-time="2018-04-17 12:37:20Z" duration="0.004425" asserts="4" />
          <test-case id="0-1014" name="Processor_Optional_Chained" fullname="dataprocessor.tests.Naive.Processor_Optional_Chained" methodname="Processor_Optional_Chained" classname="dataprocessor.tests.VerifyAPI" runstate="Runnable" seed="1434593411" result="Passed" start-time="2018-04-17 12:37:20Z" end-time="2018-04-17 12:37:20Z" duration="0.003427" asserts="4" />
          <test-case id="0-1013" name="Processor_Optional_Two" fullname="dataprocessor.tests.Naive.Processor_Optional_Two" methodname="Processor_Optional_Two" classname="dataprocessor.tests.VerifyAPI" runstate="Runnable" seed="1257189882" result="Passed" start-time="2018-04-17 12:37:20Z" end-time="2018-04-17 12:37:20Z" duration="0.005088" asserts="4" />
          <test-case id="0-1011" name="Processor_TwoIn_Chained" fullname="dataprocessor.tests.Naive.Processor_TwoIn_Chained" methodname="Processor_TwoIn_Chained" classname="dataprocessor.tests.VerifyAPI" runstate="Runnable" seed="1072538015" result="Passed" start-time="2018-04-17 12:37:20Z" end-time="2018-04-17 12:37:20Z" duration="0.006961" asserts="2" />
          <test-case id="0-1009" name="Processor_TwoIn_OneOut_SeparatePackets" fullname="dataprocessor.tests.Naive.Processor_TwoIn_OneOut_SeparatePackets" methodname="Processor_TwoIn_OneOut_SeparatePackets" classname="dataprocessor.tests.VerifyAPI" runstate="Runnable" seed="1506429826" result="Passed" start-time="2018-04-17 12:37:20Z" end-time="2018-04-17 12:37:20Z" duration="0.002611" asserts="4" />
          <test-case id="0-1004" name="TwoIn_OneOut" fullname="dataprocessor.tests.Naive.TwoIn_OneOut" methodname="TwoIn_OneOut" classname="dataprocessor.tests.VerifyAPI" runstate="Runnable" seed="233161856" result="Passed" start-time="2018-04-17 12:37:20Z" end-time="2018-04-17 12:37:20Z" duration="0.001109" asserts="2" />
        </test-suite>
        <test-suite type="TestFixture" id="0-1097" name="NodeTests" fullname="dataprocessor.tests.NodeTests" classname="dataprocessor.tests.NodeTests" runstate="Runnable" testcasecount="253" result="Passed" start-time="2018-04-17 12:37:20Z" end-time="2018-04-17 12:37:23Z" duration="2.646426" total="253" passed="253" failed="0" warnings="0" inconclusive="0" skipped="0" asserts="4611">
          <test-case id="0-1223" name="GetTypeFor_Throws" fullname="dataprocessor.tests.NodeTests.GetTypeFor_Throws" methodname="GetTypeFor_Throws" classname="dataprocessor.tests.NodeTests" runstate="Runnable" seed="1299505054" result="Passed" start-time="2018-04-17 12:37:20Z" end-time="2018-04-17 12:37:20Z" duration="0.027809" asserts="12" />
          <test-case id="0-1256" name="GetTypeFor10" fullname="dataprocessor.tests.NodeTests.GetTypeFor10" methodname="GetTypeFor10" classname="dataprocessor.tests.NodeTests" runstate="Runnable" seed="143654585" result="Passed" start-time="2018-04-17 12:37:20Z" end-time="2018-04-17 12:37:20Z" duration="0.002195" asserts="2" />
          <test-case id="0-1260" name="GetTypeFor11" fullname="dataprocessor.tests.NodeTests.GetTypeFor11" methodname="GetTypeFor11" classname="dataprocessor.tests.NodeTests" runstate="Runnable" seed="1681294570" result="Passed" start-time="2018-04-17 12:37:20Z" end-time="2018-04-17 12:37:20Z" duration="0.002261" asserts="2" />
          <test-case id="0-1264" name="GetTypeFor12" fullname="dataprocessor.tests.NodeTests.GetTypeFor12" methodname="GetTypeFor12" classname="dataprocessor.tests.NodeTests" runstate="Runnable" seed="439389707" result="Passed" start-time="2018-04-17 12:37:20Z" end-time="2018-04-17 12:37:20Z" duration="0.001817" asserts="2" />
          <test-case id="0-1268" name="GetTypeFor13" fullname="dataprocessor.tests.NodeTests.GetTypeFor13" methodname="GetTypeFor13" classname="dataprocessor.tests.NodeTests" runstate="Runnable" seed="440103104" result="Passed" start-time="2018-04-17 12:37:20Z" end-time="2018-04-17 12:37:20Z" duration="0.002131" asserts="2" />
          <test-case id="0-1272" name="GetTypeFor14" fullname="dataprocessor.tests.NodeTests.GetTypeFor14" methodname="GetTypeFor14" classname="dataprocessor.tests.NodeTests" runstate="Runnable" seed="163290308" result="Passed" start-time="2018-04-17 12:37:20Z" end-time="2018-04-17 12:37:20Z" duration="0.006135" asserts="2" />
          <test-case id="0-1276" name="GetTypeFor15" fullname="dataprocessor.tests.NodeTests.GetTypeFor15" methodname="GetTypeFor15" classname="dataprocessor.tests.NodeTests" runstate="Runnable" seed="1885905950" result="Passed" start-time="2018-04-17 12:37:20Z" end-time="2018-04-17 12:37:20Z" duration="0.003436" asserts="2" />
          <test-case id="0-1280" name="GetTypeFor16" fullname="dataprocessor.tests.NodeTests.GetTypeFor16" methodname="GetTypeFor16" classname="dataprocessor.tests.NodeTests" runstate="Runnable" seed="1779501301" result="Passed" start-time="2018-04-17 12:37:20Z" end-time="2018-04-17 12:37:20Z" duration="0.002505" asserts="2" />
          <test-case id="0-1284" name="GetTypeFor17" fullname="dataprocessor.tests.NodeTests.GetTypeFor17" methodname="GetTypeFor17" classname="dataprocessor.tests.NodeTests" runstate="Runnable" seed="505187455" result="Passed" start-time="2018-04-17 12:37:20Z" end-time="2018-04-17 12:37:20Z" duration="0.002518" asserts="2" />
          <test-case id="0-1288" name="GetTypeFor18" fullname="dataprocessor.tests.NodeTests.GetTypeFor18" methodname="GetTypeFor18" classname="dataprocessor.tests.NodeTests" runstate="Runnable" seed="340022491" result="Passed" start-time="2018-04-17 12:37:20Z" end-time="2018-04-17 12:37:20Z" duration="0.002909" asserts="2" />
          <test-case id="0-1292" name="GetTypeFor19" fullname="dataprocessor.tests.NodeTests.GetTypeFor19" methodname="GetTypeFor19" classname="dataprocessor.tests.NodeTests" runstate="Runnable" seed="1543675026" result="Passed" start-time="2018-04-17 12:37:20Z" end-time="2018-04-17 12:37:20Z" duration="0.003405" asserts="2" />
          <test-case id="0-1224" name="GetTypeFor2" fullname="dataprocessor.tests.NodeTests.GetTypeFor2" methodname="GetTypeFor2" classname="dataprocessor.tests.NodeTests" runstate="Runnable" seed="1203284502" result="Passed" start-time="2018-04-17 12:37:20Z" end-time="2018-04-17 12:37:20Z" duration="0.000825" asserts="2" />
          <test-case id="0-1296" name="GetTypeFor20" fullname="dataprocessor.tests.NodeTests.GetTypeFor20" methodname="GetTypeFor20" classname="dataprocessor.tests.NodeTests" runstate="Runnable" seed="1685483362" result="Passed" start-time="2018-04-17 12:37:20Z" end-time="2018-04-17 12:37:20Z" duration="0.002841" asserts="2" />
          <test-case id="0-1300" name="GetTypeFor21" fullname="dataprocessor.tests.NodeTests.GetTypeFor21" methodname="GetTypeFor21" classname="dataprocessor.tests.NodeTests" runstate="Runnable" seed="715465344" result="Passed" start-time="2018-04-17 12:37:20Z" end-time="2018-04-17 12:37:20Z" duration="0.003287" asserts="2" />
          <test-case id="0-1304" name="GetTypeFor22" fullname="dataprocessor.tests.NodeTests.GetTypeFor22" methodname="GetTypeFor22" classname="dataprocessor.tests.NodeTests" runstate="Runnable" seed="983806288" result="Passed" start-time="2018-04-17 12:37:20Z" end-time="2018-04-17 12:37:20Z" duration="0.003851" asserts="2" />
          <test-case id="0-1308" name="GetTypeFor23" fullname="dataprocessor.tests.NodeTests.GetTypeFor23" methodname="GetTypeFor23" classname="dataprocessor.tests.NodeTests" runstate="Runnable" seed="508436076" result="Passed" start-time="2018-04-17 12:37:20Z" end-time="2018-04-17 12:37:20Z" duration="0.003407" asserts="2" />
          <test-case id="0-1312" name="GetTypeFor24" fullname="dataprocessor.tests.NodeTests.GetTypeFor24" methodname="GetTypeFor24" classname="dataprocessor.tests.NodeTests" runstate="Runnable" seed="286591932" result="Passed" start-time="2018-04-17 12:37:20Z" end-time="2018-04-17 12:37:20Z" duration="0.004059" asserts="2" />
          <test-case id="0-1316" name="GetTypeFor25" fullname="dataprocessor.tests.NodeTests.GetTypeFor25" methodname="GetTypeFor25" classname="dataprocessor.tests.NodeTests" runstate="Runnable" seed="220224074" result="Passed" start-time="2018-04-17 12:37:20Z" end-time="2018-04-17 12:37:20Z" duration="0.004760" asserts="2" />
          <test-case id="0-1320" name="GetTypeFor26" fullname="dataprocessor.tests.NodeTests.GetTypeFor26" methodname="GetTypeFor26" classname="dataprocessor.tests.NodeTests" runstate="Runnable" seed="1031692300" result="Passed" start-time="2018-04-17 12:37:20Z" end-time="2018-04-17 12:37:20Z" duration="0.002404" asserts="2" />
          <test-case id="0-1324" name="GetTypeFor27" fullname="dataprocessor.tests.NodeTests.GetTypeFor27" methodname="GetTypeFor27" classname="dataprocessor.tests.NodeTests" runstate="Runnable" seed="1088083296" result="Passed" start-time="2018-04-17 12:37:20Z" end-time="2018-04-17 12:37:20Z" duration="0.003182" asserts="2" />
          <test-case id="0-1328" name="GetTypeFor28" fullname="dataprocessor.tests.NodeTests.GetTypeFor28" methodname="GetTypeFor28" classname="dataprocessor.tests.NodeTests" runstate="Runnable" seed="467503431" result="Passed" start-time="2018-04-17 12:37:20Z" end-time="2018-04-17 12:37:20Z" duration="0.003463" asserts="2" />
          <test-case id="0-1332" name="GetTypeFor29" fullname="dataprocessor.tests.NodeTests.GetTypeFor29" methodname="GetTypeFor29" classname="dataprocessor.tests.NodeTests" runstate="Runnable" seed="1826111797" result="Passed" start-time="2018-04-17 12:37:20Z" end-time="2018-04-17 12:37:20Z" duration="0.003835" asserts="2" />
          <test-case id="0-1228" name="GetTypeFor3" fullname="dataprocessor.tests.NodeTests.GetTypeFor3" methodname="GetTypeFor3" classname="dataprocessor.tests.NodeTests" runstate="Runnable" seed="1327294445" result="Passed" start-time="2018-04-17 12:37:20Z" end-time="2018-04-17 12:37:20Z" duration="0.001098" asserts="2" />
          <test-case id="0-1336" name="GetTypeFor30" fullname="dataprocessor.tests.NodeTests.GetTypeFor30" methodname="GetTypeFor30" classname="dataprocessor.tests.NodeTests" runstate="Runnable" seed="1440687961" result="Passed" start-time="2018-04-17 12:37:20Z" end-time="2018-04-17 12:37:20Z" duration="0.004017" asserts="2" />
          <test-case id="0-1340" name="GetTypeFor31" fullname="dataprocessor.tests.NodeTests.GetTypeFor31" methodname="GetTypeFor31" classname="dataprocessor.tests.NodeTests" runstate="Runnable" seed="1394695795" result="Passed" start-time="2018-04-17 12:37:20Z" end-time="2018-04-17 12:37:20Z" duration="0.007635" asserts="2" />
          <test-case id="0-1344" name="GetTypeFor32" fullname="dataprocessor.tests.NodeTests.GetTypeFor32" methodname="GetTypeFor32" classname="dataprocessor.tests.NodeTests" runstate="Runnable" seed="257493449" result="Passed" start-time="2018-04-17 12:37:20Z" end-time="2018-04-17 12:37:20Z" duration="0.005775" asserts="2" />
          <test-case id="0-1348" name="GetTypeFor33" fullname="dataprocessor.tests.NodeTests.GetTypeFor33" methodname="GetTypeFor33" classname="dataprocessor.tests.NodeTests" runstate="Runnable" seed="777302916" result="Passed" start-time="2018-04-17 12:37:20Z" end-time="2018-04-17 12:37:20Z" duration="0.007513" asserts="2" />
          <test-case id="0-1099" name="GetTypeFor34" fullname="dataprocessor.tests.NodeTests.GetTypeFor34" methodname="GetTypeFor34" classname="dataprocessor.tests.NodeTests" runstate="Runnable" seed="1637995576" result="Passed" start-time="2018-04-17 12:37:20Z" end-time="2018-04-17 12:37:20Z" duration="0.005452" asserts="2" />
          <test-case id="0-1103" name="GetTypeFor35" fullname="dataprocessor.tests.NodeTests.GetTypeFor35" methodname="GetTypeFor35" classname="dataprocessor.tests.NodeTests" runstate="Runnable" seed="1480460223" result="Passed" start-time="2018-04-17 12:37:20Z" end-time="2018-04-17 12:37:20Z" duration="0.005350" asserts="2" />
          <test-case id="0-1107" name="GetTypeFor36" fullname="dataprocessor.tests.NodeTests.GetTypeFor36" methodname="GetTypeFor36" classname="dataprocessor.tests.NodeTests" runstate="Runnable" seed="1475444182" result="Passed" start-time="2018-04-17 12:37:20Z" end-time="2018-04-17 12:37:20Z" duration="0.004749" asserts="2" />
          <test-case id="0-1111" name="GetTypeFor37" fullname="dataprocessor.tests.NodeTests.GetTypeFor37" methodname="GetTypeFor37" classname="dataprocessor.tests.NodeTests" runstate="Runnable" seed="1887213094" result="Passed" start-time="2018-04-17 12:37:20Z" end-time="2018-04-17 12:37:20Z" duration="0.005395" asserts="2" />
          <test-case id="0-1115" name="GetTypeFor38" fullname="dataprocessor.tests.NodeTests.GetTypeFor38" methodname="GetTypeFor38" classname="dataprocessor.tests.NodeTests" runstate="Runnable" seed="1806942785" result="Passed" start-time="2018-04-17 12:37:20Z" end-time="2018-04-17 12:37:20Z" duration="0.006001" asserts="2" />
          <test-case id="0-1119" name="GetTypeFor39" fullname="dataprocessor.tests.NodeTests.GetTypeFor39" methodname="GetTypeFor39" classname="dataprocessor.tests.NodeTests" runstate="Runnable" seed="925764586" result="Passed" start-time="2018-04-17 12:37:20Z" end-time="2018-04-17 12:37:20Z" duration="0.006298" asserts="2" />
          <test-case id="0-1232" name="GetTypeFor4" fullname="dataprocessor.tests.NodeTests.GetTypeFor4" methodname="GetTypeFor4" classname="dataprocessor.tests.NodeTests" runstate="Runnable" seed="1743216922" result="Passed" start-time="2018-04-17 12:37:20Z" end-time="2018-04-17 12:37:20Z" duration="0.001122" asserts="2" />
          <test-case id="0-1123" name="GetTypeFor40" fullname="dataprocessor.tests.NodeTests.GetTypeFor40" methodname="GetTypeFor40" classname="dataprocessor.tests.NodeTests" runstate="Runnable" seed="868008739" result="Passed" start-time="2018-04-17 12:37:20Z" end-time="2018-04-17 12:37:20Z" duration="0.005489" asserts="2" />
          <test-case id="0-1127" name="GetTypeFor41" fullname="dataprocessor.tests.NodeTests.GetTypeFor41" methodname="GetTypeFor41" classname="dataprocessor.tests.NodeTests" runstate="Runnable" seed="1292357116" result="Passed" start-time="2018-04-17 12:37:20Z" end-time="2018-04-17 12:37:20Z" duration="0.006406" asserts="2" />
          <test-case id="0-1131" name="GetTypeFor42" fullname="dataprocessor.tests.NodeTests.GetTypeFor42" methodname="GetTypeFor42" classname="dataprocessor.tests.NodeTests" runstate="Runnable" seed="2021428247" result="Passed" start-time="2018-04-17 12:37:20Z" end-time="2018-04-17 12:37:20Z" duration="0.005681" asserts="2" />
          <test-case id="0-1135" name="GetTypeFor43" fullname="dataprocessor.tests.NodeTests.GetTypeFor43" methodname="GetTypeFor43" classname="dataprocessor.tests.NodeTests" runstate="Runnable" seed="1761985699" result="Passed" start-time="2018-04-17 12:37:20Z" end-time="2018-04-17 12:37:20Z" duration="0.005931" asserts="2" />
          <test-case id="0-1139" name="GetTypeFor44" fullname="dataprocessor.tests.NodeTests.GetTypeFor44" methodname="GetTypeFor44" classname="dataprocessor.tests.NodeTests" runstate="Runnable" seed="381593679" result="Passed" start-time="2018-04-17 12:37:20Z" end-time="2018-04-17 12:37:20Z" duration="0.007045" asserts="2" />
          <test-case id="0-1143" name="GetTypeFor45" fullname="dataprocessor.tests.NodeTests.GetTypeFor45" methodname="GetTypeFor45" classname="dataprocessor.tests.NodeTests" runstate="Runnable" seed="1704550331" result="Passed" start-time="2018-04-17 12:37:20Z" end-time="2018-04-17 12:37:20Z" duration="0.003665" asserts="2" />
          <test-case id="0-1147" name="GetTypeFor46" fullname="dataprocessor.tests.NodeTests.GetTypeFor46" methodname="GetTypeFor46" classname="dataprocessor.tests.NodeTests" runstate="Runnable" seed="44070700" result="Passed" start-time="2018-04-17 12:37:20Z" end-time="2018-04-17 12:37:20Z" duration="0.005719" asserts="2" />
          <test-case id="0-1151" name="GetTypeFor47" fullname="dataprocessor.tests.NodeTests.GetTypeFor47" methodname="GetTypeFor47" classname="dataprocessor.tests.NodeTests" runstate="Runnable" seed="1623693887" result="Passed" start-time="2018-04-17 12:37:20Z" end-time="2018-04-17 12:37:20Z" duration="0.006136" asserts="2" />
          <test-case id="0-1155" name="GetTypeFor48" fullname="dataprocessor.tests.NodeTests.GetTypeFor48" methodname="GetTypeFor48" classname="dataprocessor.tests.NodeTests" runstate="Runnable" seed="244806518" result="Passed" start-time="2018-04-17 12:37:20Z" end-time="2018-04-17 12:37:20Z" duration="0.006121" asserts="2" />
          <test-case id="0-1159" name="GetTypeFor49" fullname="dataprocessor.tests.NodeTests.GetTypeFor49" methodname="GetTypeFor49" classname="dataprocessor.tests.NodeTests" runstate="Runnable" seed="1680288814" result="Passed" start-time="2018-04-17 12:37:20Z" end-time="2018-04-17 12:37:20Z" duration="0.006121" asserts="2" />
          <test-case id="0-1236" name="GetTypeFor5" fullname="dataprocessor.tests.NodeTests.GetTypeFor5" methodname="GetTypeFor5" classname="dataprocessor.tests.NodeTests" runstate="Runnable" seed="664578901" result="Passed" start-time="2018-04-17 12:37:20Z" end-time="2018-04-17 12:37:20Z" duration="0.001129" asserts="2" />
          <test-case id="0-1163" name="GetTypeFor50" fullname="dataprocessor.tests.NodeTests.GetTypeFor50" methodname="GetTypeFor50" classname="dataprocessor.tests.NodeTests" runstate="Runnable" seed="1273864527" result="Passed" start-time="2018-04-17 12:37:20Z" end-time="2018-04-17 12:37:20Z" duration="0.006483" asserts="2" />
          <test-case id="0-1167" name="GetTypeFor51" fullname="dataprocessor.tests.NodeTests.GetTypeFor51" methodname="GetTypeFor51" classname="dataprocessor.tests.NodeTests" runstate="Runnable" seed="880949580" result="Passed" start-time="2018-04-17 12:37:20Z" end-time="2018-04-17 12:37:20Z" duration="0.007400" asserts="2" />
          <test-case id="0-1171" name="GetTypeFor52" fullname="dataprocessor.tests.NodeTests.GetTypeFor52" methodname="GetTypeFor52" classname="dataprocessor.tests.NodeTests" runstate="Runnable" seed="1488200888" result="Passed" start-time="2018-04-17 12:37:20Z" end-time="2018-04-17 12:37:20Z" duration="0.006197" asserts="2" />
          <test-case id="0-1175" name="GetTypeFor53" fullname="dataprocessor.tests.NodeTests.GetTypeFor53" methodname="GetTypeFor53" classname="dataprocessor.tests.NodeTests" runstate="Runnable" seed="809620133" result="Passed" start-time="2018-04-17 12:37:20Z" end-time="2018-04-17 12:37:20Z" duration="0.006643" asserts="2" />
          <test-case id="0-1179" name="GetTypeFor54" fullname="dataprocessor.tests.NodeTests.GetTypeFor54" methodname="GetTypeFor54" classname="dataprocessor.tests.NodeTests" runstate="Runnable" seed="214115160" result="Passed" start-time="2018-04-17 12:37:20Z" end-time="2018-04-17 12:37:20Z" duration="0.007837" asserts="2" />
          <test-case id="0-1183" name="GetTypeFor55" fullname="dataprocessor.tests.NodeTests.GetTypeFor55" methodname="GetTypeFor55" classname="dataprocessor.tests.NodeTests" runstate="Runnable" seed="924225911" result="Passed" start-time="2018-04-17 12:37:20Z" end-time="2018-04-17 12:37:20Z" duration="0.007790" asserts="2" />
          <test-case id="0-1187" name="GetTypeFor56" fullname="dataprocessor.tests.NodeTests.GetTypeFor56" methodname="GetTypeFor56" classname="dataprocessor.tests.NodeTests" runstate="Runnable" seed="1716950594" result="Passed" start-time="2018-04-17 12:37:20Z" end-time="2018-04-17 12:37:20Z" duration="0.008008" asserts="2" />
          <test-case id="0-1191" name="GetTypeFor57" fullname="dataprocessor.tests.NodeTests.GetTypeFor57" methodname="GetTypeFor57" classname="dataprocessor.tests.NodeTests" runstate="Runnable" seed="556325875" result="Passed" start-time="2018-04-17 12:37:20Z" end-time="2018-04-17 12:37:20Z" duration="0.008048" asserts="2" />
          <test-case id="0-1195" name="GetTypeFor58" fullname="dataprocessor.tests.NodeTests.GetTypeFor58" methodname="GetTypeFor58" classname="dataprocessor.tests.NodeTests" runstate="Runnable" seed="2134200672" result="Passed" start-time="2018-04-17 12:37:20Z" end-time="2018-04-17 12:37:20Z" duration="0.007850" asserts="2" />
          <test-case id="0-1199" name="GetTypeFor59" fullname="dataprocessor.tests.NodeTests.GetTypeFor59" methodname="GetTypeFor59" classname="dataprocessor.tests.NodeTests" runstate="Runnable" seed="793115743" result="Passed" start-time="2018-04-17 12:37:20Z" end-time="2018-04-17 12:37:20Z" duration="0.007978" asserts="2" />
          <test-case id="0-1240" name="GetTypeFor6" fullname="dataprocessor.tests.NodeTests.GetTypeFor6" methodname="GetTypeFor6" classname="dataprocessor.tests.NodeTests" runstate="Runnable" seed="466731452" result="Passed" start-time="2018-04-17 12:37:20Z" end-time="2018-04-17 12:37:20Z" duration="0.001322" asserts="2" />
          <test-case id="0-1203" name="GetTypeFor60" fullname="dataprocessor.tests.NodeTests.GetTypeFor60" methodname="GetTypeFor60" classname="dataprocessor.tests.NodeTests" runstate="Runnable" seed="1229405810" result="Passed" start-time="2018-04-17 12:37:20Z" end-time="2018-04-17 12:37:20Z" duration="0.008668" asserts="2" />
          <test-case id="0-1207" name="GetTypeFor61" fullname="dataprocessor.tests.NodeTests.GetTypeFor61" methodname="GetTypeFor61" classname="dataprocessor.tests.NodeTests" runstate="Runnable" seed="938358475" result="Passed" start-time="2018-04-17 12:37:20Z" end-time="2018-04-17 12:37:20Z" duration="0.010720" asserts="2" />
          <test-case id="0-1211" name="GetTypeFor62" fullname="dataprocessor.tests.NodeTests.GetTypeFor62" methodname="GetTypeFor62" classname="dataprocessor.tests.NodeTests" runstate="Runnable" seed="1174843230" result="Passed" start-time="2018-04-17 12:37:20Z" end-time="2018-04-17 12:37:20Z" duration="0.010749" asserts="2" />
          <test-case id="0-1215" name="GetTypeFor63" fullname="dataprocessor.tests.NodeTests.GetTypeFor63" methodname="GetTypeFor63" classname="dataprocessor.tests.NodeTests" runstate="Runnable" seed="549990884" result="Passed" start-time="2018-04-17 12:37:20Z" end-time="2018-04-17 12:37:20Z" duration="0.007236" asserts="2" />
          <test-case id="0-1219" name="GetTypeFor64" fullname="dataprocessor.tests.NodeTests.GetTypeFor64" methodname="GetTypeFor64" classname="dataprocessor.tests.NodeTests" runstate="Runnable" seed="1261384379" result="Passed" start-time="2018-04-17 12:37:20Z" end-time="2018-04-17 12:37:20Z" duration="0.005659" asserts="2" />
          <test-case id="0-1244" name="GetTypeFor7" fullname="dataprocessor.tests.NodeTests.GetTypeFor7" methodname="GetTypeFor7" classname="dataprocessor.tests.NodeTests" runstate="Runnable" seed="1351208353" result="Passed" start-time="2018-04-17 12:37:20Z" end-time="2018-04-17 12:37:20Z" duration="0.000981" asserts="2" />
          <test-case id="0-1248" name="GetTypeFor8" fullname="dataprocessor.tests.NodeTests.GetTypeFor8" methodname="GetTypeFor8" classname="dataprocessor.tests.NodeTests" runstate="Runnable" seed="1890464132" result="Passed" start-time="2018-04-17 12:37:20Z" end-time="2018-04-17 12:37:20Z" duration="0.000985" asserts="2" />
          <test-case id="0-1252" name="GetTypeFor9" fullname="dataprocessor.tests.NodeTests.GetTypeFor9" methodname="GetTypeFor9" classname="dataprocessor.tests.NodeTests" runstate="Runnable" seed="739811613" result="Passed" start-time="2018-04-17 12:37:20Z" end-time="2018-04-17 12:37:20Z" duration="0.002455" asserts="2" />
          <test-case id="0-1257" name="SetActionThrows10" fullname="dataprocessor.tests.NodeTests.SetActionThrows10" methodname="SetActionThrows10" classname="dataprocessor.tests.NodeTests" runstate="Runnable" seed="1627594688" result="Passed" start-time="2018-04-17 12:37:20Z" end-time="2018-04-17 12:37:20Z" duration="0.006695" asserts="3" />
          <test-case id="0-1261" name="SetActionThrows11" fullname="dataprocessor.tests.NodeTests.SetActionThrows11" methodname="SetActionThrows11" classname="dataprocessor.tests.NodeTests" runstate="Runnable" seed="159106543" result="Passed" start-time="2018-04-17 12:37:20Z" end-time="2018-04-17 12:37:20Z" duration="0.007626" asserts="3" />
          <test-case id="0-1265" name="SetActionThrows12" fullname="dataprocessor.tests.NodeTests.SetActionThrows12" methodname="SetActionThrows12" classname="dataprocessor.tests.NodeTests" runstate="Runnable" seed="722749560" result="Passed" start-time="2018-04-17 12:37:20Z" end-time="2018-04-17 12:37:20Z" duration="0.005551" asserts="3" />
          <test-case id="0-1269" name="SetActionThrows13" fullname="dataprocessor.tests.NodeTests.SetActionThrows13" methodname="SetActionThrows13" classname="dataprocessor.tests.NodeTests" runstate="Runnable" seed="1993422522" result="Passed" start-time="2018-04-17 12:37:20Z" end-time="2018-04-17 12:37:20Z" duration="0.005741" asserts="3" />
          <test-case id="0-1273" name="SetActionThrows14" fullname="dataprocessor.tests.NodeTests.SetActionThrows14" methodname="SetActionThrows14" classname="dataprocessor.tests.NodeTests" runstate="Runnable" seed="392292542" result="Passed" start-time="2018-04-17 12:37:20Z" end-time="2018-04-17 12:37:20Z" duration="0.005867" asserts="3" />
          <test-case id="0-1277" name="SetActionThrows15" fullname="dataprocessor.tests.NodeTests.SetActionThrows15" methodname="SetActionThrows15" classname="dataprocessor.tests.NodeTests" runstate="Runnable" seed="1796985426" result="Passed" start-time="2018-04-17 12:37:20Z" end-time="2018-04-17 12:37:20Z" duration="0.005035" asserts="3" />
          <test-case id="0-1281" name="SetActionThrows16" fullname="dataprocessor.tests.NodeTests.SetActionThrows16" methodname="SetActionThrows16" classname="dataprocessor.tests.NodeTests" runstate="Runnable" seed="16936020" result="Passed" start-time="2018-04-17 12:37:20Z" end-time="2018-04-17 12:37:20Z" duration="0.004980" asserts="3" />
          <test-case id="0-1285" name="SetActionThrows17" fullname="dataprocessor.tests.NodeTests.SetActionThrows17" methodname="SetActionThrows17" classname="dataprocessor.tests.NodeTests" runstate="Runnable" seed="1356088740" result="Passed" start-time="2018-04-17 12:37:20Z" end-time="2018-04-17 12:37:20Z" duration="0.005217" asserts="3" />
          <test-case id="0-1289" name="SetActionThrows18" fullname="dataprocessor.tests.NodeTests.SetActionThrows18" methodname="SetActionThrows18" classname="dataprocessor.tests.NodeTests" runstate="Runnable" seed="153842756" result="Passed" start-time="2018-04-17 12:37:20Z" end-time="2018-04-17 12:37:20Z" duration="0.009136" asserts="3" />
          <test-case id="0-1293" name="SetActionThrows19" fullname="dataprocessor.tests.NodeTests.SetActionThrows19" methodname="SetActionThrows19" classname="dataprocessor.tests.NodeTests" runstate="Runnable" seed="595939412" result="Passed" start-time="2018-04-17 12:37:20Z" end-time="2018-04-17 12:37:20Z" duration="0.006317" asserts="3" />
          <test-case id="0-1225" name="SetActionThrows2" fullname="dataprocessor.tests.NodeTests.SetActionThrows2" methodname="SetActionThrows2" classname="dataprocessor.tests.NodeTests" runstate="Runnable" seed="1821180582" result="Passed" start-time="2018-04-17 12:37:20Z" end-time="2018-04-17 12:37:20Z" duration="0.002340" asserts="3" />
          <test-case id="0-1297" name="SetActionThrows20" fullname="dataprocessor.tests.NodeTests.SetActionThrows20" methodname="SetActionThrows20" classname="dataprocessor.tests.NodeTests" runstate="Runnable" seed="2004344374" result="Passed" start-time="2018-04-17 12:37:20Z" end-time="2018-04-17 12:37:20Z" duration="0.007430" asserts="3" />
          <test-case id="0-1301" name="SetActionThrows21" fullname="dataprocessor.tests.NodeTests.SetActionThrows21" methodname="SetActionThrows21" classname="dataprocessor.tests.NodeTests" runstate="Runnable" seed="600567861" result="Passed" start-time="2018-04-17 12:37:20Z" end-time="2018-04-17 12:37:20Z" duration="0.007509" asserts="3" />
          <test-case id="0-1305" name="SetActionThrows22" fullname="dataprocessor.tests.NodeTests.SetActionThrows22" methodname="SetActionThrows22" classname="dataprocessor.tests.NodeTests" runstate="Runnable" seed="1782202886" result="Passed" start-time="2018-04-17 12:37:20Z" end-time="2018-04-17 12:37:20Z" duration="0.046999" asserts="3" />
          <test-case id="0-1309" name="SetActionThrows23" fullname="dataprocessor.tests.NodeTests.SetActionThrows23" methodname="SetActionThrows23" classname="dataprocessor.tests.NodeTests" runstate="Runnable" seed="1382671082" result="Passed" start-time="2018-04-17 12:37:20Z" end-time="2018-04-17 12:37:20Z" duration="0.022872" asserts="3" />
          <test-case id="0-1313" name="SetActionThrows24" fullname="dataprocessor.tests.NodeTests.SetActionThrows24" methodname="SetActionThrows24" classname="dataprocessor.tests.NodeTests" runstate="Runnable" seed="864050433" result="Passed" start-time="2018-04-17 12:37:20Z" end-time="2018-04-17 12:37:20Z" duration="0.022297" asserts="3" />
          <test-case id="0-1317" name="SetActionThrows25" fullname="dataprocessor.tests.NodeTests.SetActionThrows25" methodname="SetActionThrows25" classname="dataprocessor.tests.NodeTests" runstate="Runnable" seed="503047977" result="Passed" start-time="2018-04-17 12:37:20Z" end-time="2018-04-17 12:37:21Z" duration="0.067899" asserts="3" />
          <test-case id="0-1321" name="SetActionThrows26" fullname="dataprocessor.tests.NodeTests.SetActionThrows26" methodname="SetActionThrows26" classname="dataprocessor.tests.NodeTests" runstate="Runnable" seed="804156176" result="Passed" start-time="2018-04-17 12:37:21Z" end-time="2018-04-17 12:37:21Z" duration="0.023016" asserts="3" />
          <test-case id="0-1325" name="SetActionThrows27" fullname="dataprocessor.tests.NodeTests.SetActionThrows27" methodname="SetActionThrows27" classname="dataprocessor.tests.NodeTests" runstate="Runnable" seed="1560705729" result="Passed" start-time="2018-04-17 12:37:21Z" end-time="2018-04-17 12:37:21Z" duration="0.061925" asserts="3" />
          <test-case id="0-1329" name="SetActionThrows28" fullname="dataprocessor.tests.NodeTests.SetActionThrows28" methodname="SetActionThrows28" classname="dataprocessor.tests.NodeTests" runstate="Runnable" seed="302363386" result="Passed" start-time="2018-04-17 12:37:21Z" end-time="2018-04-17 12:37:21Z" duration="0.006522" asserts="3" />
          <test-case id="0-1333" name="SetActionThrows29" fullname="dataprocessor.tests.NodeTests.SetActionThrows29" methodname="SetActionThrows29" classname="dataprocessor.tests.NodeTests" runstate="Runnable" seed="1609673266" result="Passed" start-time="2018-04-17 12:37:21Z" end-time="2018-04-17 12:37:21Z" duration="0.023561" asserts="3" />
          <test-case id="0-1229" name="SetActionThrows3" fullname="dataprocessor.tests.NodeTests.SetActionThrows3" methodname="SetActionThrows3" classname="dataprocessor.tests.NodeTests" runstate="Runnable" seed="1997198039" result="Passed" start-time="2018-04-17 12:37:21Z" end-time="2018-04-17 12:37:21Z" duration="0.011582" asserts="3" />
          <test-case id="0-1337" name="SetActionThrows30" fullname="dataprocessor.tests.NodeTests.SetActionThrows30" methodname="SetActionThrows30" classname="dataprocessor.tests.NodeTests" runstate="Runnable" seed="1993055186" result="Passed" start-time="2018-04-17 12:37:21Z" end-time="2018-04-17 12:37:21Z" duration="0.008125" asserts="3" />
          <test-case id="0-1341" name="SetActionThrows31" fullname="dataprocessor.tests.NodeTests.SetActionThrows31" methodname="SetActionThrows31" classname="dataprocessor.tests.NodeTests" runstate="Runnable" seed="943232721" result="Passed" start-time="2018-04-17 12:37:21Z" end-time="2018-04-17 12:37:21Z" duration="0.016948" asserts="3" />
          <test-case id="0-1345" name="SetActionThrows32" fullname="dataprocessor.tests.NodeTests.SetActionThrows32" methodname="SetActionThrows32" classname="dataprocessor.tests.NodeTests" runstate="Runnable" seed="1131651729" result="Passed" start-time="2018-04-17 12:37:21Z" end-time="2018-04-17 12:37:21Z" duration="0.007194" asserts="3" />
          <test-case id="0-1349" name="SetActionThrows33" fullname="dataprocessor.tests.NodeTests.SetActionThrows33" methodname="SetActionThrows33" classname="dataprocessor.tests.NodeTests" runstate="Runnable" seed="1512696814" result="Passed" start-time="2018-04-17 12:37:21Z" end-time="2018-04-17 12:37:21Z" duration="0.008278" asserts="3" />
          <test-case id="0-1100" name="SetActionThrows34" fullname="dataprocessor.tests.NodeTests.SetActionThrows34" methodname="SetActionThrows34" classname="dataprocessor.tests.NodeTests" runstate="Runnable" seed="589363196" result="Passed" start-time="2018-04-17 12:37:21Z" end-time="2018-04-17 12:37:21Z" duration="0.006691" asserts="3" />
          <test-case id="0-1104" name="SetActionThrows35" fullname="dataprocessor.tests.NodeTests.SetActionThrows35" methodname="SetActionThrows35" classname="dataprocessor.tests.NodeTests" runstate="Runnable" seed="718659288" result="Passed" start-time="2018-04-17 12:37:21Z" end-time="2018-04-17 12:37:21Z" duration="0.005800" asserts="3" />
          <test-case id="0-1108" name="SetActionThrows36" fullname="dataprocessor.tests.NodeTests.SetActionThrows36" methodname="SetActionThrows36" classname="dataprocessor.tests.NodeTests" runstate="Runnable" seed="586010292" result="Passed" start-time="2018-04-17 12:37:21Z" end-time="2018-04-17 12:37:21Z" duration="0.007890" asserts="3" />
          <test-case id="0-1112" name="SetActionThrows37" fullname="dataprocessor.tests.NodeTests.SetActionThrows37" methodname="SetActionThrows37" classname="dataprocessor.tests.NodeTests" runstate="Runnable" seed="962922178" result="Passed" start-time="2018-04-17 12:37:21Z" end-time="2018-04-17 12:37:21Z" duration="0.009942" asserts="3" />
          <test-case id="0-1116" name="SetActionThrows38" fullname="dataprocessor.tests.NodeTests.SetActionThrows38" methodname="SetActionThrows38" classname="dataprocessor.tests.NodeTests" runstate="Runnable" seed="1575170069" result="Passed" start-time="2018-04-17 12:37:21Z" end-time="2018-04-17 12:37:21Z" duration="0.006862" asserts="3" />
          <test-case id="0-1120" name="SetActionThrows39" fullname="dataprocessor.tests.NodeTests.SetActionThrows39" methodname="SetActionThrows39" classname="dataprocessor.tests.NodeTests" runstate="Runnable" seed="669753544" result="Passed" start-time="2018-04-17 12:37:21Z" end-time="2018-04-17 12:37:21Z" duration="0.009129" asserts="3" />
          <test-case id="0-1233" name="SetActionThrows4" fullname="dataprocessor.tests.NodeTests.SetActionThrows4" methodname="SetActionThrows4" classname="dataprocessor.tests.NodeTests" runstate="Runnable" seed="1232579948" result="Passed" start-time="2018-04-17 12:37:21Z" end-time="2018-04-17 12:37:21Z" duration="0.006818" asserts="3" />
          <test-case id="0-1124" name="SetActionThrows40" fullname="dataprocessor.tests.NodeTests.SetActionThrows40" methodname="SetActionThrows40" classname="dataprocessor.tests.NodeTests" runstate="Runnable" seed="1872361163" result="Passed" start-time="2018-04-17 12:37:21Z" end-time="2018-04-17 12:37:21Z" duration="0.007491" asserts="3" />
          <test-case id="0-1128" name="SetActionThrows41" fullname="dataprocessor.tests.NodeTests.SetActionThrows41" methodname="SetActionThrows41" classname="dataprocessor.tests.NodeTests" runstate="Runnable" seed="391767800" result="Passed" start-time="2018-04-17 12:37:21Z" end-time="2018-04-17 12:37:21Z" duration="0.004958" asserts="3" />
          <test-case id="0-1132" name="SetActionThrows42" fullname="dataprocessor.tests.NodeTests.SetActionThrows42" methodname="SetActionThrows42" classname="dataprocessor.tests.NodeTests" runstate="Runnable" seed="1299119931" result="Passed" start-time="2018-04-17 12:37:21Z" end-time="2018-04-17 12:37:21Z" duration="0.006261" asserts="3" />
          <test-case id="0-1136" name="SetActionThrows43" fullname="dataprocessor.tests.NodeTests.SetActionThrows43" methodname="SetActionThrows43" classname="dataprocessor.tests.NodeTests" runstate="Runnable" seed="1389255871" result="Passed" start-time="2018-04-17 12:37:21Z" end-time="2018-04-17 12:37:21Z" duration="0.007344" asserts="3" />
          <test-case id="0-1140" name="SetActionThrows44" fullname="dataprocessor.tests.NodeTests.SetActionThrows44" methodname="SetActionThrows44" classname="dataprocessor.tests.NodeTests" runstate="Runnable" seed="2103147705" result="Passed" start-time="2018-04-17 12:37:21Z" end-time="2018-04-17 12:37:21Z" duration="0.009629" asserts="3" />
          <test-case id="0-1144" name="SetActionThrows45" fullname="dataprocessor.tests.NodeTests.SetActionThrows45" methodname="SetActionThrows45" classname="dataprocessor.tests.NodeTests" runstate="Runnable" seed="272873013" result="Passed" start-time="2018-04-17 12:37:21Z" end-time="2018-04-17 12:37:21Z" duration="0.009099" asserts="3" />
          <test-case id="0-1148" name="SetActionThrows46" fullname="dataprocessor.tests.NodeTests.SetActionThrows46" methodname="SetActionThrows46" classname="dataprocessor.tests.NodeTests" runstate="Runnable" seed="1650916077" result="Passed" start-time="2018-04-17 12:37:21Z" end-time="2018-04-17 12:37:21Z" duration="0.006107" asserts="3" />
          <test-case id="0-1152" name="SetActionThrows47" fullname="dataprocessor.tests.NodeTests.SetActionThrows47" methodname="SetActionThrows47" classname="dataprocessor.tests.NodeTests" runstate="Runnable" seed="1058521820" result="Passed" start-time="2018-04-17 12:37:21Z" end-time="2018-04-17 12:37:21Z" duration="0.004895" asserts="3" />
          <test-case id="0-1156" name="SetActionThrows48" fullname="dataprocessor.tests.NodeTests.SetActionThrows48" methodname="SetActionThrows48" classname="dataprocessor.tests.NodeTests" runstate="Runnable" seed="1546491340" result="Passed" start-time="2018-04-17 12:37:21Z" end-time="2018-04-17 12:37:21Z" duration="0.006125" asserts="3" />
          <test-case id="0-1160" name="SetActionThrows49" fullname="dataprocessor.tests.NodeTests.SetActionThrows49" methodname="SetActionThrows49" classname="dataprocessor.tests.NodeTests" runstate="Runnable" seed="2036929068" result="Passed" start-time="2018-04-17 12:37:21Z" end-time="2018-04-17 12:37:21Z" duration="0.007812" asserts="3" />
          <test-case id="0-1237" name="SetActionThrows5" fullname="dataprocessor.tests.NodeTests.SetActionThrows5" methodname="SetActionThrows5" classname="dataprocessor.tests.NodeTests" runstate="Runnable" seed="2067386723" result="Passed" start-time="2018-04-17 12:37:21Z" end-time="2018-04-17 12:37:21Z" duration="0.007694" asserts="3" />
          <test-case id="0-1164" name="SetActionThrows50" fullname="dataprocessor.tests.NodeTests.SetActionThrows50" methodname="SetActionThrows50" classname="dataprocessor.tests.NodeTests" runstate="Runnable" seed="1195916323" result="Passed" start-time="2018-04-17 12:37:21Z" end-time="2018-04-17 12:37:21Z" duration="0.006421" asserts="3" />
          <test-case id="0-1168" name="SetActionThrows51" fullname="dataprocessor.tests.NodeTests.SetActionThrows51" methodname="SetActionThrows51" classname="dataprocessor.tests.NodeTests" runstate="Runnable" seed="1411130984" result="Passed" start-time="2018-04-17 12:37:21Z" end-time="2018-04-17 12:37:21Z" duration="0.007469" asserts="3" />
          <test-case id="0-1172" name="SetActionThrows52" fullname="dataprocessor.tests.NodeTests.SetActionThrows52" methodname="SetActionThrows52" classname="dataprocessor.tests.NodeTests" runstate="Runnable" seed="1128457272" result="Passed" start-time="2018-04-17 12:37:21Z" end-time="2018-04-17 12:37:21Z" duration="0.006014" asserts="3" />
          <test-case id="0-1176" name="SetActionThrows53" fullname="dataprocessor.tests.NodeTests.SetActionThrows53" methodname="SetActionThrows53" classname="dataprocessor.tests.NodeTests" runstate="Runnable" seed="892342274" result="Passed" start-time="2018-04-17 12:37:21Z" end-time="2018-04-17 12:37:21Z" duration="0.005902" asserts="3" />
          <test-case id="0-1180" name="SetActionThrows54" fullname="dataprocessor.tests.NodeTests.SetActionThrows54" methodname="SetActionThrows54" classname="dataprocessor.tests.NodeTests" runstate="Runnable" seed="1098361260" result="Passed" start-time="2018-04-17 12:37:21Z" end-time="2018-04-17 12:37:21Z" duration="0.007127" asserts="3" />
          <test-case id="0-1184" name="SetActionThrows55" fullname="dataprocessor.tests.NodeTests.SetActionThrows55" methodname="SetActionThrows55" classname="dataprocessor.tests.NodeTests" runstate="Runnable" seed="1283833299" result="Passed" start-time="2018-04-17 12:37:21Z" end-time="2018-04-17 12:37:21Z" duration="0.007800" asserts="3" />
          <test-case id="0-1188" name="SetActionThrows56" fullname="dataprocessor.tests.NodeTests.SetActionThrows56" methodname="SetActionThrows56" classname="dataprocessor.tests.NodeTests" runstate="Runnable" seed="1211715521" result="Passed" start-time="2018-04-17 12:37:21Z" end-time="2018-04-17 12:37:21Z" duration="0.007389" asserts="3" />
          <test-case id="0-1192" name="SetActionThrows57" fullname="dataprocessor.tests.NodeTests.SetActionThrows57" methodname="SetActionThrows57" classname="dataprocessor.tests.NodeTests" runstate="Runnable" seed="1632408839" result="Passed" start-time="2018-04-17 12:37:21Z" end-time="2018-04-17 12:37:21Z" duration="0.006028" asserts="3" />
          <test-case id="0-1196" name="SetActionThrows58" fullname="dataprocessor.tests.NodeTests.SetActionThrows58" methodname="SetActionThrows58" classname="dataprocessor.tests.NodeTests" runstate="Runnable" seed="373311687" result="Passed" start-time="2018-04-17 12:37:21Z" end-time="2018-04-17 12:37:21Z" duration="0.006110" asserts="3" />
          <test-case id="0-1200" name="SetActionThrows59" fullname="dataprocessor.tests.NodeTests.SetActionThrows59" methodname="SetActionThrows59" classname="dataprocessor.tests.NodeTests" runstate="Runnable" seed="1844897567" result="Passed" start-time="2018-04-17 12:37:21Z" end-time="2018-04-17 12:37:21Z" duration="0.007596" asserts="3" />
          <test-case id="0-1241" name="SetActionThrows6" fullname="dataprocessor.tests.NodeTests.SetActionThrows6" methodname="SetActionThrows6" classname="dataprocessor.tests.NodeTests" runstate="Runnable" seed="841029841" result="Passed" start-time="2018-04-17 12:37:21Z" end-time="2018-04-17 12:37:21Z" duration="0.004580" asserts="3" />
          <test-case id="0-1204" name="SetActionThrows60" fullname="dataprocessor.tests.NodeTests.SetActionThrows60" methodname="SetActionThrows60" classname="dataprocessor.tests.NodeTests" runstate="Runnable" seed="2009627602" result="Passed" start-time="2018-04-17 12:37:21Z" end-time="2018-04-17 12:37:21Z" duration="0.006151" asserts="3" />
          <test-case id="0-1208" name="SetActionThrows61" fullname="dataprocessor.tests.NodeTests.SetActionThrows61" methodname="SetActionThrows61" classname="dataprocessor.tests.NodeTests" runstate="Runnable" seed="1659201291" result="Passed" start-time="2018-04-17 12:37:21Z" end-time="2018-04-17 12:37:21Z" duration="0.004852" asserts="3" />
          <test-case id="0-1212" name="SetActionThrows62" fullname="dataprocessor.tests.NodeTests.SetActionThrows62" methodname="SetActionThrows62" classname="dataprocessor.tests.NodeTests" runstate="Runnable" seed="1835457892" result="Passed" start-time="2018-04-17 12:37:21Z" end-time="2018-04-17 12:37:21Z" duration="0.006025" asserts="3" />
          <test-case id="0-1216" name="SetActionThrows63" fullname="dataprocessor.tests.NodeTests.SetActionThrows63" methodname="SetActionThrows63" classname="dataprocessor.tests.NodeTests" runstate="Runnable" seed="1409787002" result="Passed" start-time="2018-04-17 12:37:21Z" end-time="2018-04-17 12:37:21Z" duration="0.007517" asserts="3" />
          <test-case id="0-1220" name="SetActionThrows64" fullname="dataprocessor.tests.NodeTests.SetActionThrows64" methodname="SetActionThrows64" classname="dataprocessor.tests.NodeTests" runstate="Runnable" seed="139768857" result="Passed" start-time="2018-04-17 12:37:21Z" end-time="2018-04-17 12:37:21Z" duration="0.006922" asserts="3" />
          <test-case id="0-1245" name="SetActionThrows7" fullname="dataprocessor.tests.NodeTests.SetActionThrows7" methodname="SetActionThrows7" classname="dataprocessor.tests.NodeTests" runstate="Runnable" seed="1144304824" result="Passed" start-time="2018-04-17 12:37:21Z" end-time="2018-04-17 12:37:21Z" duration="0.005064" asserts="3" />
          <test-case id="0-1249" name="SetActionThrows8" fullname="dataprocessor.tests.NodeTests.SetActionThrows8" methodname="SetActionThrows8" classname="dataprocessor.tests.NodeTests" runstate="Runnable" seed="129824601" result="Passed" start-time="2018-04-17 12:37:21Z" end-time="2018-04-17 12:37:21Z" duration="0.004820" asserts="3" />
          <test-case id="0-1253" name="SetActionThrows9" fullname="dataprocessor.tests.NodeTests.SetActionThrows9" methodname="SetActionThrows9" classname="dataprocessor.tests.NodeTests" runstate="Runnable" seed="4610120" result="Passed" start-time="2018-04-17 12:37:21Z" end-time="2018-04-17 12:37:21Z" duration="0.004570" asserts="3" />
          <test-case id="0-1259" name="SetValues_Reversed10" fullname="dataprocessor.tests.NodeTests.SetValues_Reversed10" methodname="SetValues_Reversed10" classname="dataprocessor.tests.NodeTests" runstate="Runnable" seed="1368048212" result="Passed" start-time="2018-04-17 12:37:21Z" end-time="2018-04-17 12:37:21Z" duration="0.004284" asserts="11" />
          <test-case id="0-1263" name="SetValues_Reversed11" fullname="dataprocessor.tests.NodeTests.SetValues_Reversed11" methodname="SetValues_Reversed11" classname="dataprocessor.tests.NodeTests" runstate="Runnable" seed="3985138" result="Passed" start-time="2018-04-17 12:37:21Z" end-time="2018-04-17 12:37:21Z" duration="0.006542" asserts="12" />
          <test-case id="0-1267" name="SetValues_Reversed12" fullname="dataprocessor.tests.NodeTests.SetValues_Reversed12" methodname="SetValues_Reversed12" classname="dataprocessor.tests.NodeTests" runstate="Runnable" seed="1521198230" result="Passed" start-time="2018-04-17 12:37:21Z" end-time="2018-04-17 12:37:21Z" duration="0.006640" asserts="13" />
          <test-case id="0-1271" name="SetValues_Reversed13" fullname="dataprocessor.tests.NodeTests.SetValues_Reversed13" methodname="SetValues_Reversed13" classname="dataprocessor.tests.NodeTests" runstate="Runnable" seed="1549243094" result="Passed" start-time="2018-04-17 12:37:21Z" end-time="2018-04-17 12:37:21Z" duration="0.009264" asserts="14" />
          <test-case id="0-1275" name="SetValues_Reversed14" fullname="dataprocessor.tests.NodeTests.SetValues_Reversed14" methodname="SetValues_Reversed14" classname="dataprocessor.tests.NodeTests" runstate="Runnable" seed="1934944683" result="Passed" start-time="2018-04-17 12:37:21Z" end-time="2018-04-17 12:37:21Z" duration="0.008449" asserts="15" />
          <test-case id="0-1279" name="SetValues_Reversed15" fullname="dataprocessor.tests.NodeTests.SetValues_Reversed15" methodname="SetValues_Reversed15" classname="dataprocessor.tests.NodeTests" runstate="Runnable" seed="2053079645" result="Passed" start-time="2018-04-17 12:37:21Z" end-time="2018-04-17 12:37:21Z" duration="0.008072" asserts="16" />
          <test-case id="0-1283" name="SetValues_Reversed16" fullname="dataprocessor.tests.NodeTests.SetValues_Reversed16" methodname="SetValues_Reversed16" classname="dataprocessor.tests.NodeTests" runstate="Runnable" seed="311788455" result="Passed" start-time="2018-04-17 12:37:21Z" end-time="2018-04-17 12:37:21Z" duration="0.008274" asserts="17" />
          <test-case id="0-1287" name="SetValues_Reversed17" fullname="dataprocessor.tests.NodeTests.SetValues_Reversed17" methodname="SetValues_Reversed17" classname="dataprocessor.tests.NodeTests" runstate="Runnable" seed="96564984" result="Passed" start-time="2018-04-17 12:37:21Z" end-time="2018-04-17 12:37:21Z" duration="0.009220" asserts="18" />
          <test-case id="0-1291" name="SetValues_Reversed18" fullname="dataprocessor.tests.NodeTests.SetValues_Reversed18" methodname="SetValues_Reversed18" classname="dataprocessor.tests.NodeTests" runstate="Runnable" seed="1482137246" result="Passed" start-time="2018-04-17 12:37:21Z" end-time="2018-04-17 12:37:21Z" duration="0.009649" asserts="19" />
          <test-case id="0-1295" name="SetValues_Reversed19" fullname="dataprocessor.tests.NodeTests.SetValues_Reversed19" methodname="SetValues_Reversed19" classname="dataprocessor.tests.NodeTests" runstate="Runnable" seed="461988822" result="Passed" start-time="2018-04-17 12:37:21Z" end-time="2018-04-17 12:37:21Z" duration="0.010852" asserts="20" />
          <test-case id="0-1227" name="SetValues_Reversed2" fullname="dataprocessor.tests.NodeTests.SetValues_Reversed2" methodname="SetValues_Reversed2" classname="dataprocessor.tests.NodeTests" runstate="Runnable" seed="1819744403" result="Passed" start-time="2018-04-17 12:37:21Z" end-time="2018-04-17 12:37:21Z" duration="0.000896" asserts="3" />
          <test-case id="0-1299" name="SetValues_Reversed20" fullname="dataprocessor.tests.NodeTests.SetValues_Reversed20" methodname="SetValues_Reversed20" classname="dataprocessor.tests.NodeTests" runstate="Runnable" seed="1334778203" result="Passed" start-time="2018-04-17 12:37:21Z" end-time="2018-04-17 12:37:21Z" duration="0.012258" asserts="21" />
          <test-case id="0-1303" name="SetValues_Reversed21" fullname="dataprocessor.tests.NodeTests.SetValues_Reversed21" methodname="SetValues_Reversed21" classname="dataprocessor.tests.NodeTests" runstate="Runnable" seed="368581270" result="Passed" start-time="2018-04-17 12:37:21Z" end-time="2018-04-17 12:37:21Z" duration="0.021066" asserts="22" />
          <test-case id="0-1307" name="SetValues_Reversed22" fullname="dataprocessor.tests.NodeTests.SetValues_Reversed22" methodname="SetValues_Reversed22" classname="dataprocessor.tests.NodeTests" runstate="Runnable" seed="1869165583" result="Passed" start-time="2018-04-17 12:37:21Z" end-time="2018-04-17 12:37:21Z" duration="0.010673" asserts="23" />
          <test-case id="0-1311" name="SetValues_Reversed23" fullname="dataprocessor.tests.NodeTests.SetValues_Reversed23" methodname="SetValues_Reversed23" classname="dataprocessor.tests.NodeTests" runstate="Runnable" seed="471373568" result="Passed" start-time="2018-04-17 12:37:21Z" end-time="2018-04-17 12:37:21Z" duration="0.010437" asserts="24" />
          <test-case id="0-1315" name="SetValues_Reversed24" fullname="dataprocessor.tests.NodeTests.SetValues_Reversed24" methodname="SetValues_Reversed24" classname="dataprocessor.tests.NodeTests" runstate="Runnable" seed="586250820" result="Passed" start-time="2018-04-17 12:37:21Z" end-time="2018-04-17 12:37:21Z" duration="0.012813" asserts="25" />
          <test-case id="0-1319" name="SetValues_Reversed25" fullname="dataprocessor.tests.NodeTests.SetValues_Reversed25" methodname="SetValues_Reversed25" classname="dataprocessor.tests.NodeTests" runstate="Runnable" seed="1047056838" result="Passed" start-time="2018-04-17 12:37:21Z" end-time="2018-04-17 12:37:21Z" duration="0.012064" asserts="26" />
          <test-case id="0-1323" name="SetValues_Reversed26" fullname="dataprocessor.tests.NodeTests.SetValues_Reversed26" methodname="SetValues_Reversed26" classname="dataprocessor.tests.NodeTests" runstate="Runnable" seed="1582907441" result="Passed" start-time="2018-04-17 12:37:21Z" end-time="2018-04-17 12:37:21Z" duration="0.012747" asserts="27" />
          <test-case id="0-1327" name="SetValues_Reversed27" fullname="dataprocessor.tests.NodeTests.SetValues_Reversed27" methodname="SetValues_Reversed27" classname="dataprocessor.tests.NodeTests" runstate="Runnable" seed="1729854252" result="Passed" start-time="2018-04-17 12:37:21Z" end-time="2018-04-17 12:37:21Z" duration="0.013904" asserts="28" />
          <test-case id="0-1331" name="SetValues_Reversed28" fullname="dataprocessor.tests.NodeTests.SetValues_Reversed28" methodname="SetValues_Reversed28" classname="dataprocessor.tests.NodeTests" runstate="Runnable" seed="440971499" result="Passed" start-time="2018-04-17 12:37:21Z" end-time="2018-04-17 12:37:21Z" duration="0.012760" asserts="29" />
          <test-case id="0-1335" name="SetValues_Reversed29" fullname="dataprocessor.tests.NodeTests.SetValues_Reversed29" methodname="SetValues_Reversed29" classname="dataprocessor.tests.NodeTests" runstate="Runnable" seed="1332350292" result="Passed" start-time="2018-04-17 12:37:21Z" end-time="2018-04-17 12:37:21Z" duration="0.016618" asserts="30" />
          <test-case id="0-1231" name="SetValues_Reversed3" fullname="dataprocessor.tests.NodeTests.SetValues_Reversed3" methodname="SetValues_Reversed3" classname="dataprocessor.tests.NodeTests" runstate="Runnable" seed="1765785165" result="Passed" start-time="2018-04-17 12:37:21Z" end-time="2018-04-17 12:37:21Z" duration="0.001746" asserts="4" />
          <test-case id="0-1339" name="SetValues_Reversed30" fullname="dataprocessor.tests.NodeTests.SetValues_Reversed30" methodname="SetValues_Reversed30" classname="dataprocessor.tests.NodeTests" runstate="Runnable" seed="381096775" result="Passed" start-time="2018-04-17 12:37:21Z" end-time="2018-04-17 12:37:21Z" duration="0.013859" asserts="31" />
          <test-case id="0-1343" name="SetValues_Reversed31" fullname="dataprocessor.tests.NodeTests.SetValues_Reversed31" methodname="SetValues_Reversed31" classname="dataprocessor.tests.NodeTests" runstate="Runnable" seed="1047024102" result="Passed" start-time="2018-04-17 12:37:21Z" end-time="2018-04-17 12:37:21Z" duration="0.014359" asserts="32" />
          <test-case id="0-1347" name="SetValues_Reversed32" fullname="dataprocessor.tests.NodeTests.SetValues_Reversed32" methodname="SetValues_Reversed32" classname="dataprocessor.tests.NodeTests" runstate="Runnable" seed="337795891" result="Passed" start-time="2018-04-17 12:37:21Z" end-time="2018-04-17 12:37:21Z" duration="0.015347" asserts="33" />
          <test-case id="0-1098" name="SetValues_Reversed33" fullname="dataprocessor.tests.NodeTests.SetValues_Reversed33" methodname="SetValues_Reversed33" classname="dataprocessor.tests.NodeTests" runstate="Runnable" seed="323442237" result="Passed" start-time="2018-04-17 12:37:21Z" end-time="2018-04-17 12:37:21Z" duration="0.016690" asserts="34" />
          <test-case id="0-1102" name="SetValues_Reversed34" fullname="dataprocessor.tests.NodeTests.SetValues_Reversed34" methodname="SetValues_Reversed34" classname="dataprocessor.tests.NodeTests" runstate="Runnable" seed="459192918" result="Passed" start-time="2018-04-17 12:37:21Z" end-time="2018-04-17 12:37:21Z" duration="0.015801" asserts="35" />
          <test-case id="0-1106" name="SetValues_Reversed35" fullname="dataprocessor.tests.NodeTests.SetValues_Reversed35" methodname="SetValues_Reversed35" classname="dataprocessor.tests.NodeTests" runstate="Runnable" seed="297660721" result="Passed" start-time="2018-04-17 12:37:21Z" end-time="2018-04-17 12:37:21Z" duration="0.016038" asserts="36" />
          <test-case id="0-1110" name="SetValues_Reversed36" fullname="dataprocessor.tests.NodeTests.SetValues_Reversed36" methodname="SetValues_Reversed36" classname="dataprocessor.tests.NodeTests" runstate="Runnable" seed="1559232754" result="Passed" start-time="2018-04-17 12:37:21Z" end-time="2018-04-17 12:37:21Z" duration="0.016623" asserts="37" />
          <test-case id="0-1114" name="SetValues_Reversed37" fullname="dataprocessor.tests.NodeTests.SetValues_Reversed37" methodname="SetValues_Reversed37" classname="dataprocessor.tests.NodeTests" runstate="Runnable" seed="1167601769" result="Passed" start-time="2018-04-17 12:37:21Z" end-time="2018-04-17 12:37:21Z" duration="0.017386" asserts="38" />
          <test-case id="0-1118" name="SetValues_Reversed38" fullname="dataprocessor.tests.NodeTests.SetValues_Reversed38" methodname="SetValues_Reversed38" classname="dataprocessor.tests.NodeTests" runstate="Runnable" seed="531012606" result="Passed" start-time="2018-04-17 12:37:21Z" end-time="2018-04-17 12:37:21Z" duration="0.018673" asserts="39" />
          <test-case id="0-1122" name="SetValues_Reversed39" fullname="dataprocessor.tests.NodeTests.SetValues_Reversed39" methodname="SetValues_Reversed39" classname="dataprocessor.tests.NodeTests" runstate="Runnable" seed="246791241" result="Passed" start-time="2018-04-17 12:37:21Z" end-time="2018-04-17 12:37:21Z" duration="0.018066" asserts="40" />
          <test-case id="0-1235" name="SetValues_Reversed4" fullname="dataprocessor.tests.NodeTests.SetValues_Reversed4" methodname="SetValues_Reversed4" classname="dataprocessor.tests.NodeTests" runstate="Runnable" seed="1862665136" result="Passed" start-time="2018-04-17 12:37:21Z" end-time="2018-04-17 12:37:21Z" duration="0.002593" asserts="5" />
          <test-case id="0-1126" name="SetValues_Reversed40" fullname="dataprocessor.tests.NodeTests.SetValues_Reversed40" methodname="SetValues_Reversed40" classname="dataprocessor.tests.NodeTests" runstate="Runnable" seed="1605235580" result="Passed" start-time="2018-04-17 12:37:21Z" end-time="2018-04-17 12:37:21Z" duration="0.021279" asserts="41" />
          <test-case id="0-1130" name="SetValues_Reversed41" fullname="dataprocessor.tests.NodeTests.SetValues_Reversed41" methodname="SetValues_Reversed41" classname="dataprocessor.tests.NodeTests" runstate="Runnable" seed="2064668600" result="Passed" start-time="2018-04-17 12:37:21Z" end-time="2018-04-17 12:37:21Z" duration="0.020462" asserts="42" />
          <test-case id="0-1134" name="SetValues_Reversed42" fullname="dataprocessor.tests.NodeTests.SetValues_Reversed42" methodname="SetValues_Reversed42" classname="dataprocessor.tests.NodeTests" runstate="Runnable" seed="1541367597" result="Passed" start-time="2018-04-17 12:37:21Z" end-time="2018-04-17 12:37:21Z" duration="0.019083" asserts="43" />
          <test-case id="0-1138" name="SetValues_Reversed43" fullname="dataprocessor.tests.NodeTests.SetValues_Reversed43" methodname="SetValues_Reversed43" classname="dataprocessor.tests.NodeTests" runstate="Runnable" seed="1264000920" result="Passed" start-time="2018-04-17 12:37:21Z" end-time="2018-04-17 12:37:21Z" duration="0.019895" asserts="44" />
          <test-case id="0-1142" name="SetValues_Reversed44" fullname="dataprocessor.tests.NodeTests.SetValues_Reversed44" methodname="SetValues_Reversed44" classname="dataprocessor.tests.NodeTests" runstate="Runnable" seed="435234337" result="Passed" start-time="2018-04-17 12:37:21Z" end-time="2018-04-17 12:37:21Z" duration="0.019904" asserts="45" />
          <test-case id="0-1146" name="SetValues_Reversed45" fullname="dataprocessor.tests.NodeTests.SetValues_Reversed45" methodname="SetValues_Reversed45" classname="dataprocessor.tests.NodeTests" runstate="Runnable" seed="1857285916" result="Passed" start-time="2018-04-17 12:37:21Z" end-time="2018-04-17 12:37:21Z" duration="0.021206" asserts="46" />
          <test-case id="0-1150" name="SetValues_Reversed46" fullname="dataprocessor.tests.NodeTests.SetValues_Reversed46" methodname="SetValues_Reversed46" classname="dataprocessor.tests.NodeTests" runstate="Runnable" seed="1089263962" result="Passed" start-time="2018-04-17 12:37:21Z" end-time="2018-04-17 12:37:22Z" duration="0.021805" asserts="47" />
          <test-case id="0-1154" name="SetValues_Reversed47" fullname="dataprocessor.tests.NodeTests.SetValues_Reversed47" methodname="SetValues_Reversed47" classname="dataprocessor.tests.NodeTests" runstate="Runnable" seed="1062959785" result="Passed" start-time="2018-04-17 12:37:22Z" end-time="2018-04-17 12:37:22Z" duration="0.024970" asserts="48" />
          <test-case id="0-1158" name="SetValues_Reversed48" fullname="dataprocessor.tests.NodeTests.SetValues_Reversed48" methodname="SetValues_Reversed48" classname="dataprocessor.tests.NodeTests" runstate="Runnable" seed="470868945" result="Passed" start-time="2018-04-17 12:37:22Z" end-time="2018-04-17 12:37:22Z" duration="0.021188" asserts="49" />
          <test-case id="0-1162" name="SetValues_Reversed49" fullname="dataprocessor.tests.NodeTests.SetValues_Reversed49" methodname="SetValues_Reversed49" classname="dataprocessor.tests.NodeTests" runstate="Runnable" seed="540272222" result="Passed" start-time="2018-04-17 12:37:22Z" end-time="2018-04-17 12:37:22Z" duration="0.023986" asserts="50" />
          <test-case id="0-1239" name="SetValues_Reversed5" fullname="dataprocessor.tests.NodeTests.SetValues_Reversed5" methodname="SetValues_Reversed5" classname="dataprocessor.tests.NodeTests" runstate="Runnable" seed="1001433541" result="Passed" start-time="2018-04-17 12:37:22Z" end-time="2018-04-17 12:37:22Z" duration="0.003842" asserts="6" />
          <test-case id="0-1166" name="SetValues_Reversed50" fullname="dataprocessor.tests.NodeTests.SetValues_Reversed50" methodname="SetValues_Reversed50" classname="dataprocessor.tests.NodeTests" runstate="Runnable" seed="498051362" result="Passed" start-time="2018-04-17 12:37:22Z" end-time="2018-04-17 12:37:22Z" duration="0.034526" asserts="51" />
          <test-case id="0-1170" name="SetValues_Reversed51" fullname="dataprocessor.tests.NodeTests.SetValues_Reversed51" methodname="SetValues_Reversed51" classname="dataprocessor.tests.NodeTests" runstate="Runnable" seed="1129717445" result="Passed" start-time="2018-04-17 12:37:22Z" end-time="2018-04-17 12:37:22Z" duration="0.069919" asserts="52" />
          <test-case id="0-1174" name="SetValues_Reversed52" fullname="dataprocessor.tests.NodeTests.SetValues_Reversed52" methodname="SetValues_Reversed52" classname="dataprocessor.tests.NodeTests" runstate="Runnable" seed="1791506973" result="Passed" start-time="2018-04-17 12:37:22Z" end-time="2018-04-17 12:37:22Z" duration="0.043658" asserts="53" />
          <test-case id="0-1178" name="SetValues_Reversed53" fullname="dataprocessor.tests.NodeTests.SetValues_Reversed53" methodname="SetValues_Reversed53" classname="dataprocessor.tests.NodeTests" runstate="Runnable" seed="920447267" result="Passed" start-time="2018-04-17 12:37:22Z" end-time="2018-04-17 12:37:22Z" duration="0.043987" asserts="54" />
          <test-case id="0-1182" name="SetValues_Reversed54" fullname="dataprocessor.tests.NodeTests.SetValues_Reversed54" methodname="SetValues_Reversed54" classname="dataprocessor.tests.NodeTests" runstate="Runnable" seed="229259031" result="Passed" start-time="2018-04-17 12:37:22Z" end-time="2018-04-17 12:37:22Z" duration="0.051458" asserts="55" />
          <test-case id="0-1186" name="SetValues_Reversed55" fullname="dataprocessor.tests.NodeTests.SetValues_Reversed55" methodname="SetValues_Reversed55" classname="dataprocessor.tests.NodeTests" runstate="Runnable" seed="1384100067" result="Passed" start-time="2018-04-17 12:37:22Z" end-time="2018-04-17 12:37:22Z" duration="0.071295" asserts="56" />
          <test-case id="0-1190" name="SetValues_Reversed56" fullname="dataprocessor.tests.NodeTests.SetValues_Reversed56" methodname="SetValues_Reversed56" classname="dataprocessor.tests.NodeTests" runstate="Runnable" seed="555088427" result="Passed" start-time="2018-04-17 12:37:22Z" end-time="2018-04-17 12:37:22Z" duration="0.039865" asserts="57" />
          <test-case id="0-1194" name="SetValues_Reversed57" fullname="dataprocessor.tests.NodeTests.SetValues_Reversed57" methodname="SetValues_Reversed57" classname="dataprocessor.tests.NodeTests" runstate="Runnable" seed="1275350229" result="Passed" start-time="2018-04-17 12:37:22Z" end-time="2018-04-17 12:37:22Z" duration="0.040278" asserts="58" />
          <test-case id="0-1198" name="SetValues_Reversed58" fullname="dataprocessor.tests.NodeTests.SetValues_Reversed58" methodname="SetValues_Reversed58" classname="dataprocessor.tests.NodeTests" runstate="Runnable" seed="462508469" result="Passed" start-time="2018-04-17 12:37:22Z" end-time="2018-04-17 12:37:22Z" duration="0.034614" asserts="59" />
          <test-case id="0-1202" name="SetValues_Reversed59" fullname="dataprocessor.tests.NodeTests.SetValues_Reversed59" methodname="SetValues_Reversed59" classname="dataprocessor.tests.NodeTests" runstate="Runnable" seed="1096700053" result="Passed" start-time="2018-04-17 12:37:22Z" end-time="2018-04-17 12:37:22Z" duration="0.055079" asserts="60" />
          <test-case id="0-1243" name="SetValues_Reversed6" fullname="dataprocessor.tests.NodeTests.SetValues_Reversed6" methodname="SetValues_Reversed6" classname="dataprocessor.tests.NodeTests" runstate="Runnable" seed="1815699643" result="Passed" start-time="2018-04-17 12:37:22Z" end-time="2018-04-17 12:37:22Z" duration="0.003743" asserts="7" />
          <test-case id="0-1206" name="SetValues_Reversed60" fullname="dataprocessor.tests.NodeTests.SetValues_Reversed60" methodname="SetValues_Reversed60" classname="dataprocessor.tests.NodeTests" runstate="Runnable" seed="1882369930" result="Passed" start-time="2018-04-17 12:37:22Z" end-time="2018-04-17 12:37:22Z" duration="0.029457" asserts="61" />
          <test-case id="0-1210" name="SetValues_Reversed61" fullname="dataprocessor.tests.NodeTests.SetValues_Reversed61" methodname="SetValues_Reversed61" classname="dataprocessor.tests.NodeTests" runstate="Runnable" seed="2017611979" result="Passed" start-time="2018-04-17 12:37:22Z" end-time="2018-04-17 12:37:22Z" duration="0.029907" asserts="62" />
          <test-case id="0-1214" name="SetValues_Reversed62" fullname="dataprocessor.tests.NodeTests.SetValues_Reversed62" methodname="SetValues_Reversed62" classname="dataprocessor.tests.NodeTests" runstate="Runnable" seed="480513939" result="Passed" start-time="2018-04-17 12:37:22Z" end-time="2018-04-17 12:37:22Z" duration="0.035211" asserts="63" />
          <test-case id="0-1218" name="SetValues_Reversed63" fullname="dataprocessor.tests.NodeTests.SetValues_Reversed63" methodname="SetValues_Reversed63" classname="dataprocessor.tests.NodeTests" runstate="Runnable" seed="402209873" result="Passed" start-time="2018-04-17 12:37:22Z" end-time="2018-04-17 12:37:22Z" duration="0.032321" asserts="64" />
          <test-case id="0-1222" name="SetValues_Reversed64" fullname="dataprocessor.tests.NodeTests.SetValues_Reversed64" methodname="SetValues_Reversed64" classname="dataprocessor.tests.NodeTests" runstate="Runnable" seed="1082912302" result="Passed" start-time="2018-04-17 12:37:22Z" end-time="2018-04-17 12:37:22Z" duration="0.030805" asserts="65" />
          <test-case id="0-1247" name="SetValues_Reversed7" fullname="dataprocessor.tests.NodeTests.SetValues_Reversed7" methodname="SetValues_Reversed7" classname="dataprocessor.tests.NodeTests" runstate="Runnable" seed="693584548" result="Passed" start-time="2018-04-17 12:37:22Z" end-time="2018-04-17 12:37:22Z" duration="0.003904" asserts="8" />
          <test-case id="0-1251" name="SetValues_Reversed8" fullname="dataprocessor.tests.NodeTests.SetValues_Reversed8" methodname="SetValues_Reversed8" classname="dataprocessor.tests.NodeTests" runstate="Runnable" seed="1635226542" result="Passed" start-time="2018-04-17 12:37:22Z" end-time="2018-04-17 12:37:22Z" duration="0.005655" asserts="9" />
          <test-case id="0-1255" name="SetValues_Reversed9" fullname="dataprocessor.tests.NodeTests.SetValues_Reversed9" methodname="SetValues_Reversed9" classname="dataprocessor.tests.NodeTests" runstate="Runnable" seed="43348990" result="Passed" start-time="2018-04-17 12:37:22Z" end-time="2018-04-17 12:37:22Z" duration="0.006433" asserts="10" />
          <test-case id="0-1258" name="SetValues10" fullname="dataprocessor.tests.NodeTests.SetValues10" methodname="SetValues10" classname="dataprocessor.tests.NodeTests" runstate="Runnable" seed="2055318420" result="Passed" start-time="2018-04-17 12:37:22Z" end-time="2018-04-17 12:37:22Z" duration="0.001828" asserts="11" />
          <test-case id="0-1262" name="SetValues11" fullname="dataprocessor.tests.NodeTests.SetValues11" methodname="SetValues11" classname="dataprocessor.tests.NodeTests" runstate="Runnable" seed="1215314127" result="Passed" start-time="2018-04-17 12:37:22Z" end-time="2018-04-17 12:37:22Z" duration="0.002077" asserts="12" />
          <test-case id="0-1266" name="SetValues12" fullname="dataprocessor.tests.NodeTests.SetValues12" methodname="SetValues12" classname="dataprocessor.tests.NodeTests" runstate="Runnable" seed="1826160553" result="Passed" start-time="2018-04-17 12:37:22Z" end-time="2018-04-17 12:37:22Z" duration="0.002083" asserts="13" />
          <test-case id="0-1270" name="SetValues13" fullname="dataprocessor.tests.NodeTests.SetValues13" methodname="SetValues13" classname="dataprocessor.tests.NodeTests" runstate="Runnable" seed="110038856" result="Passed" start-time="2018-04-17 12:37:22Z" end-time="2018-04-17 12:37:22Z" duration="0.002569" asserts="14" />
          <test-case id="0-1274" name="SetValues14" fullname="dataprocessor.tests.NodeTests.SetValues14" methodname="SetValues14" classname="dataprocessor.tests.NodeTests" runstate="Runnable" seed="43623001" result="Passed" start-time="2018-04-17 12:37:22Z" end-time="2018-04-17 12:37:22Z" duration="0.002458" asserts="15" />
          <test-case id="0-1278" name="SetValues15" fullname="dataprocessor.tests.NodeTests.SetValues15" methodname="SetValues15" classname="dataprocessor.tests.NodeTests" runstate="Runnable" seed="1547626885" result="Passed" start-time="2018-04-17 12:37:22Z" end-time="2018-04-17 12:37:22Z" duration="0.002760" asserts="16" />
          <test-case id="0-1282" name="SetValues16" fullname="dataprocessor.tests.NodeTests.SetValues16" methodname="SetValues16" classname="dataprocessor.tests.NodeTests" runstate="Runnable" seed="169220309" result="Passed" start-time="2018-04-17 12:37:22Z" end-time="2018-04-17 12:37:22Z" duration="0.002656" asserts="17" />
          <test-case id="0-1286" name="SetValues17" fullname="dataprocessor.tests.NodeTests.SetValues17" methodname="SetValues17" classname="dataprocessor.tests.NodeTests" runstate="Runnable" seed="938772971" result="Passed" start-time="2018-04-17 12:37:22Z" end-time="2018-04-17 12:37:22Z" duration="0.002601" asserts="18" />
          <test-case id="0-1290" name="SetValues18" fullname="dataprocessor.tests.NodeTests.SetValues18" methodname="SetValues18" classname="dataprocessor.tests.NodeTests" runstate="Runnable" seed="1519916125" result="Passed" start-time="2018-04-17 12:37:22Z" end-time="2018-04-17 12:37:22Z" duration="0.003355" asserts="19" />
          <test-case id="0-1294" name="SetValues19" fullname="dataprocessor.tests.NodeTests.SetValues19" methodname="SetValues19" classname="dataprocessor.tests.NodeTests" runstate="Runnable" seed="1519106428" result="Passed" start-time="2018-04-17 12:37:22Z" end-time="2018-04-17 12:37:22Z" duration="0.002829" asserts="20" />
          <test-case id="0-1226" name="SetValues2" fullname="dataprocessor.tests.NodeTests.SetValues2" methodname="SetValues2" classname="dataprocessor.tests.NodeTests" runstate="Runnable" seed="1877657459" result="Passed" start-time="2018-04-17 12:37:22Z" end-time="2018-04-17 12:37:22Z" duration="0.000853" asserts="3" />
          <test-case id="0-1298" name="SetValues20" fullname="dataprocessor.tests.NodeTests.SetValues20" methodname="SetValues20" classname="dataprocessor.tests.NodeTests" runstate="Runnable" seed="1227712106" result="Passed" start-time="2018-04-17 12:37:22Z" end-time="2018-04-17 12:37:22Z" duration="0.003437" asserts="21" />
          <test-case id="0-1302" name="SetValues21" fullname="dataprocessor.tests.NodeTests.SetValues21" methodname="SetValues21" classname="dataprocessor.tests.NodeTests" runstate="Runnable" seed="339803350" result="Passed" start-time="2018-04-17 12:37:22Z" end-time="2018-04-17 12:37:22Z" duration="0.003729" asserts="22" />
          <test-case id="0-1306" name="SetValues22" fullname="dataprocessor.tests.NodeTests.SetValues22" methodname="SetValues22" classname="dataprocessor.tests.NodeTests" runstate="Runnable" seed="1723285666" result="Passed" start-time="2018-04-17 12:37:22Z" end-time="2018-04-17 12:37:22Z" duration="0.003923" asserts="23" />
          <test-case id="0-1310" name="SetValues23" fullname="dataprocessor.tests.NodeTests.SetValues23" methodname="SetValues23" classname="dataprocessor.tests.NodeTests" runstate="Runnable" seed="1706132851" result="Passed" start-time="2018-04-17 12:37:22Z" end-time="2018-04-17 12:37:22Z" duration="0.003346" asserts="24" />
          <test-case id="0-1314" name="SetValues24" fullname="dataprocessor.tests.NodeTests.SetValues24" methodname="SetValues24" classname="dataprocessor.tests.NodeTests" runstate="Runnable" seed="2085514757" result="Passed" start-time="2018-04-17 12:37:22Z" end-time="2018-04-17 12:37:22Z" duration="0.002949" asserts="25" />
          <test-case id="0-1318" name="SetValues25" fullname="dataprocessor.tests.NodeTests.SetValues25" methodname="SetValues25" classname="dataprocessor.tests.NodeTests" runstate="Runnable" seed="406871513" result="Passed" start-time="2018-04-17 12:37:22Z" end-time="2018-04-17 12:37:22Z" duration="0.003760" asserts="26" />
          <test-case id="0-1322" name="SetValues26" fullname="dataprocessor.tests.NodeTests.SetValues26" methodname="SetValues26" classname="dataprocessor.tests.NodeTests" runstate="Runnable" seed="1374308971" result="Passed" start-time="2018-04-17 12:37:22Z" end-time="2018-04-17 12:37:22Z" duration="0.002826" asserts="27" />
          <test-case id="0-1326" name="SetValues27" fullname="dataprocessor.tests.NodeTests.SetValues27" methodname="SetValues27" classname="dataprocessor.tests.NodeTests" runstate="Runnable" seed="1370032370" result="Passed" start-time="2018-04-17 12:37:22Z" end-time="2018-04-17 12:37:22Z" duration="0.005697" asserts="28" />
          <test-case id="0-1330" name="SetValues28" fullname="dataprocessor.tests.NodeTests.SetValues28" methodname="SetValues28" classname="dataprocessor.tests.NodeTests" runstate="Runnable" seed="579923113" result="Passed" start-time="2018-04-17 12:37:22Z" end-time="2018-04-17 12:37:22Z" duration="0.003818" asserts="29" />
          <test-case id="0-1334" name="SetValues29" fullname="dataprocessor.tests.NodeTests.SetValues29" methodname="SetValues29" classname="dataprocessor.tests.NodeTests" runstate="Runnable" seed="2111648469" result="Passed" start-time="2018-04-17 12:37:22Z" end-time="2018-04-17 12:37:22Z" duration="0.004395" asserts="30" />
          <test-case id="0-1230" name="SetValues3" fullname="dataprocessor.tests.NodeTests.SetValues3" methodname="SetValues3" classname="dataprocessor.tests.NodeTests" runstate="Runnable" seed="99104487" result="Passed" start-time="2018-04-17 12:37:22Z" end-time="2018-04-17 12:37:22Z" duration="0.001531" asserts="4" />
          <test-case id="0-1338" name="SetValues30" fullname="dataprocessor.tests.NodeTests.SetValues30" methodname="SetValues30" classname="dataprocessor.tests.NodeTests" runstate="Runnable" seed="2108384110" result="Passed" start-time="2018-04-17 12:37:22Z" end-time="2018-04-17 12:37:22Z" duration="0.006988" asserts="31" />
          <test-case id="0-1342" name="SetValues31" fullname="dataprocessor.tests.NodeTests.SetValues31" methodname="SetValues31" classname="dataprocessor.tests.NodeTests" runstate="Runnable" seed="495184340" result="Passed" start-time="2018-04-17 12:37:22Z" end-time="2018-04-17 12:37:22Z" duration="0.004988" asserts="32" />
          <test-case id="0-1346" name="SetValues32" fullname="dataprocessor.tests.NodeTests.SetValues32" methodname="SetValues32" classname="dataprocessor.tests.NodeTests" runstate="Runnable" seed="1802010967" result="Passed" start-time="2018-04-17 12:37:22Z" end-time="2018-04-17 12:37:22Z" duration="0.004607" asserts="33" />
          <test-case id="0-1350" name="SetValues33" fullname="dataprocessor.tests.NodeTests.SetValues33" methodname="SetValues33" classname="dataprocessor.tests.NodeTests" runstate="Runnable" seed="1945322537" result="Passed" start-time="2018-04-17 12:37:22Z" end-time="2018-04-17 12:37:22Z" duration="0.004395" asserts="34" />
          <test-case id="0-1101" name="SetValues34" fullname="dataprocessor.tests.NodeTests.SetValues34" methodname="SetValues34" classname="dataprocessor.tests.NodeTests" runstate="Runnable" seed="1177806408" result="Passed" start-time="2018-04-17 12:37:22Z" end-time="2018-04-17 12:37:22Z" duration="0.005522" asserts="35" />
          <test-case id="0-1105" name="SetValues35" fullname="dataprocessor.tests.NodeTests.SetValues35" methodname="SetValues35" classname="dataprocessor.tests.NodeTests" runstate="Runnable" seed="896238353" result="Passed" start-time="2018-04-17 12:37:22Z" end-time="2018-04-17 12:37:22Z" duration="0.006891" asserts="36" />
          <test-case id="0-1109" name="SetValues36" fullname="dataprocessor.tests.NodeTests.SetValues36" methodname="SetValues36" classname="dataprocessor.tests.NodeTests" runstate="Runnable" seed="60728085" result="Passed" start-time="2018-04-17 12:37:22Z" end-time="2018-04-17 12:37:22Z" duration="0.004704" asserts="37" />
          <test-case id="0-1113" name="SetValues37" fullname="dataprocessor.tests.NodeTests.SetValues37" methodname="SetValues37" classname="dataprocessor.tests.NodeTests" runstate="Runnable" seed="222803893" result="Passed" start-time="2018-04-17 12:37:22Z" end-time="2018-04-17 12:37:22Z" duration="0.004750" asserts="38" />
          <test-case id="0-1117" name="SetValues38" fullname="dataprocessor.tests.NodeTests.SetValues38" methodname="SetValues38" classname="dataprocessor.tests.NodeTests" runstate="Runnable" seed="633598355" result="Passed" start-time="2018-04-17 12:37:22Z" end-time="2018-04-17 12:37:22Z" duration="0.005788" asserts="39" />
          <test-case id="0-1121" name="SetValues39" fullname="dataprocessor.tests.NodeTests.SetValues39" methodname="SetValues39" classname="dataprocessor.tests.NodeTests" runstate="Runnable" seed="1700803165" result="Passed" start-time="2018-04-17 12:37:22Z" end-time="2018-04-17 12:37:22Z" duration="0.005855" asserts="40" />
          <test-case id="0-1234" name="SetValues4" fullname="dataprocessor.tests.NodeTests.SetValues4" methodname="SetValues4" classname="dataprocessor.tests.NodeTests" runstate="Runnable" seed="1652715913" result="Passed" start-time="2018-04-17 12:37:22Z" end-time="2018-04-17 12:37:22Z" duration="0.001101" asserts="5" />
          <test-case id="0-1125" name="SetValues40" fullname="dataprocessor.tests.NodeTests.SetValues40" methodname="SetValues40" classname="dataprocessor.tests.NodeTests" runstate="Runnable" seed="1115590830" result="Passed" start-time="2018-04-17 12:37:22Z" end-time="2018-04-17 12:37:22Z" duration="0.005463" asserts="41" />
          <test-case id="0-1129" name="SetValues41" fullname="dataprocessor.tests.NodeTests.SetValues41" methodname="SetValues41" classname="dataprocessor.tests.NodeTests" runstate="Runnable" seed="388592124" result="Passed" start-time="2018-04-17 12:37:22Z" end-time="2018-04-17 12:37:22Z" duration="0.005595" asserts="42" />
          <test-case id="0-1133" name="SetValues42" fullname="dataprocessor.tests.NodeTests.SetValues42" methodname="SetValues42" classname="dataprocessor.tests.NodeTests" runstate="Runnable" seed="1001057819" result="Passed" start-time="2018-04-17 12:37:22Z" end-time="2018-04-17 12:37:22Z" duration="0.007113" asserts="43" />
          <test-case id="0-1137" name="SetValues43" fullname="dataprocessor.tests.NodeTests.SetValues43" methodname="SetValues43" classname="dataprocessor.tests.NodeTests" runstate="Runnable" seed="1991216240" result="Passed" start-time="2018-04-17 12:37:22Z" end-time="2018-04-17 12:37:22Z" duration="0.006680" asserts="44" />
          <test-case id="0-1141" name="SetValues44" fullname="dataprocessor.tests.NodeTests.SetValues44" methodname="SetValues44" classname="dataprocessor.tests.NodeTests" runstate="Runnable" seed="1806799576" result="Passed" start-time="2018-04-17 12:37:22Z" end-time="2018-04-17 12:37:22Z" duration="0.006824" asserts="45" />
          <test-case id="0-1145" name="SetValues45" fullname="dataprocessor.tests.NodeTests.SetValues45" methodname="SetValues45" classname="dataprocessor.tests.NodeTests" runstate="Runnable" seed="599375761" result="Passed" start-time="2018-04-17 12:37:22Z" end-time="2018-04-17 12:37:22Z" duration="0.005006" asserts="46" />
          <test-case id="0-1149" name="SetValues46" fullname="dataprocessor.tests.NodeTests.SetValues46" methodname="SetValues46" classname="dataprocessor.tests.NodeTests" runstate="Runnable" seed="671181157" result="Passed" start-time="2018-04-17 12:37:22Z" end-time="2018-04-17 12:37:22Z" duration="0.005530" asserts="47" />
          <test-case id="0-1153" name="SetValues47" fullname="dataprocessor.tests.NodeTests.SetValues47" methodname="SetValues47" classname="dataprocessor.tests.NodeTests" runstate="Runnable" seed="25615317" result="Passed" start-time="2018-04-17 12:37:22Z" end-time="2018-04-17 12:37:22Z" duration="0.012571" asserts="48" />
          <test-case id="0-1157" name="SetValues48" fullname="dataprocessor.tests.NodeTests.SetValues48" methodname="SetValues48" classname="dataprocessor.tests.NodeTests" runstate="Runnable" seed="1673053567" result="Passed" start-time="2018-04-17 12:37:22Z" end-time="2018-04-17 12:37:22Z" duration="0.006520" asserts="49" />
          <test-case id="0-1161" name="SetValues49" fullname="dataprocessor.tests.NodeTests.SetValues49" methodname="SetValues49" classname="dataprocessor.tests.NodeTests" runstate="Runnable" seed="1914956596" result="Passed" start-time="2018-04-17 12:37:22Z" end-time="2018-04-17 12:37:22Z" duration="0.011552" asserts="50" />
          <test-case id="0-1238" name="SetValues5" fullname="dataprocessor.tests.NodeTests.SetValues5" methodname="SetValues5" classname="dataprocessor.tests.NodeTests" runstate="Runnable" seed="23767838" result="Passed" start-time="2018-04-17 12:37:22Z" end-time="2018-04-17 12:37:22Z" duration="0.001464" asserts="6" />
          <test-case id="0-1165" name="SetValues50" fullname="dataprocessor.tests.NodeTests.SetValues50" methodname="SetValues50" classname="dataprocessor.tests.NodeTests" runstate="Runnable" seed="1669087509" result="Passed" start-time="2018-04-17 12:37:22Z" end-time="2018-04-17 12:37:22Z" duration="0.007985" asserts="51" />
          <test-case id="0-1169" name="SetValues51" fullname="dataprocessor.tests.NodeTests.SetValues51" methodname="SetValues51" classname="dataprocessor.tests.NodeTests" runstate="Runnable" seed="49731425" result="Passed" start-time="2018-04-17 12:37:22Z" end-time="2018-04-17 12:37:22Z" duration="0.006124" asserts="52" />
          <test-case id="0-1173" name="SetValues52" fullname="dataprocessor.tests.NodeTests.SetValues52" methodname="SetValues52" classname="dataprocessor.tests.NodeTests" runstate="Runnable" seed="2103806932" result="Passed" start-time="2018-04-17 12:37:22Z" end-time="2018-04-17 12:37:22Z" duration="0.006768" asserts="53" />
          <test-case id="0-1177" name="SetValues53" fullname="dataprocessor.tests.NodeTests.SetValues53" methodname="SetValues53" classname="dataprocessor.tests.NodeTests" runstate="Runnable" seed="67687380" result="Passed" start-time="2018-04-17 12:37:22Z" end-time="2018-04-17 12:37:22Z" duration="0.005108" asserts="54" />
          <test-case id="0-1181" name="SetValues54" fullname="dataprocessor.tests.NodeTests.SetValues54" methodname="SetValues54" classname="dataprocessor.tests.NodeTests" runstate="Runnable" seed="1939313826" result="Passed" start-time="2018-04-17 12:37:22Z" end-time="2018-04-17 12:37:22Z" duration="0.005715" asserts="55" />
          <test-case id="0-1185" name="SetValues55" fullname="dataprocessor.tests.NodeTests.SetValues55" methodname="SetValues55" classname="dataprocessor.tests.NodeTests" runstate="Runnable" seed="962331397" result="Passed" start-time="2018-04-17 12:37:22Z" end-time="2018-04-17 12:37:22Z" duration="0.009792" asserts="56" />
          <test-case id="0-1189" name="SetValues56" fullname="dataprocessor.tests.NodeTests.SetValues56" methodname="SetValues56" classname="dataprocessor.tests.NodeTests" runstate="Runnable" seed="1687350052" result="Passed" start-time="2018-04-17 12:37:22Z" end-time="2018-04-17 12:37:22Z" duration="0.010087" asserts="57" />
          <test-case id="0-1193" name="SetValues57" fullname="dataprocessor.tests.NodeTests.SetValues57" methodname="SetValues57" classname="dataprocessor.tests.NodeTests" runstate="Runnable" seed="1502452671" result="Passed" start-time="2018-04-17 12:37:22Z" end-time="2018-04-17 12:37:23Z" duration="0.012891" asserts="58" />
          <test-case id="0-1197" name="SetValues58" fullname="dataprocessor.tests.NodeTests.SetValues58" methodname="SetValues58" classname="dataprocessor.tests.NodeTests" runstate="Runnable" seed="524536231" result="Passed" start-time="2018-04-17 12:37:23Z" end-time="2018-04-17 12:37:23Z" duration="0.011543" asserts="59" />
          <test-case id="0-1201" name="SetValues59" fullname="dataprocessor.tests.NodeTests.SetValues59" methodname="SetValues59" classname="dataprocessor.tests.NodeTests" runstate="Runnable" seed="1546439536" result="Passed" start-time="2018-04-17 12:37:23Z" end-time="2018-04-17 12:37:23Z" duration="0.013648" asserts="60" />
          <test-case id="0-1242" name="SetValues6" fullname="dataprocessor.tests.NodeTests.SetValues6" methodname="SetValues6" classname="dataprocessor.tests.NodeTests" runstate="Runnable" seed="849417385" result="Passed" start-time="2018-04-17 12:37:23Z" end-time="2018-04-17 12:37:23Z" duration="0.001691" asserts="7" />
          <test-case id="0-1205" name="SetValues60" fullname="dataprocessor.tests.NodeTests.SetValues60" methodname="SetValues60" classname="dataprocessor.tests.NodeTests" runstate="Runnable" seed="61904113" result="Passed" start-time="2018-04-17 12:37:23Z" end-time="2018-04-17 12:37:23Z" duration="0.006476" asserts="61" />
          <test-case id="0-1209" name="SetValues61" fullname="dataprocessor.tests.NodeTests.SetValues61" methodname="SetValues61" classname="dataprocessor.tests.NodeTests" runstate="Runnable" seed="1929199887" result="Passed" start-time="2018-04-17 12:37:23Z" end-time="2018-04-17 12:37:23Z" duration="0.013006" asserts="62" />
          <test-case id="0-1213" name="SetValues62" fullname="dataprocessor.tests.NodeTests.SetValues62" methodname="SetValues62" classname="dataprocessor.tests.NodeTests" runstate="Runnable" seed="1116446983" result="Passed" start-time="2018-04-17 12:37:23Z" end-time="2018-04-17 12:37:23Z" duration="0.007154" asserts="63" />
          <test-case id="0-1217" name="SetValues63" fullname="dataprocessor.tests.NodeTests.SetValues63" methodname="SetValues63" classname="dataprocessor.tests.NodeTests" runstate="Runnable" seed="227372779" result="Passed" start-time="2018-04-17 12:37:23Z" end-time="2018-04-17 12:37:23Z" duration="0.007021" asserts="64" />
          <test-case id="0-1221" name="SetValues64" fullname="dataprocessor.tests.NodeTests.SetValues64" methodname="SetValues64" classname="dataprocessor.tests.NodeTests" runstate="Runnable" seed="1482333375" result="Passed" start-time="2018-04-17 12:37:23Z" end-time="2018-04-17 12:37:23Z" duration="0.007094" asserts="65" />
          <test-case id="0-1246" name="SetValues7" fullname="dataprocessor.tests.NodeTests.SetValues7" methodname="SetValues7" classname="dataprocessor.tests.NodeTests" runstate="Runnable" seed="1471086430" result="Passed" start-time="2018-04-17 12:37:23Z" end-time="2018-04-17 12:37:23Z" duration="0.001341" asserts="8" />
          <test-case id="0-1250" name="SetValues8" fullname="dataprocessor.tests.NodeTests.SetValues8" methodname="SetValues8" classname="dataprocessor.tests.NodeTests" runstate="Runnable" seed="1651337154" result="Passed" start-time="2018-04-17 12:37:23Z" end-time="2018-04-17 12:37:23Z" duration="0.001486" asserts="9" />
          <test-case id="0-1254" name="SetValues9" fullname="dataprocessor.tests.NodeTests.SetValues9" methodname="SetValues9" classname="dataprocessor.tests.NodeTests" runstate="Runnable" seed="1415616537" result="Passed" start-time="2018-04-17 12:37:23Z" end-time="2018-04-17 12:37:23Z" duration="0.001453" asserts="10" />
        </test-suite>
        <test-suite type="TestFixture" id="0-1057" name="VerifyDynamicMethodCompiler" fullname="dataprocessor.tests.VerifyDynamicMethodCompiler" classname="dataprocessor.tests.VerifyDynamicMethodCompiler" runstate="Runnable" testcasecount="4" result="Passed" start-time="2018-04-17 12:37:23Z" end-time="2018-04-17 12:37:23Z" duration="0.007262" total="4" passed="4" failed="0" warnings="0" inconclusive="0" skipped="0" asserts="5">
          <test-case id="0-1058" name="CheckArgs" fullname="dataprocessor.tests.VerifyDynamicMethodCompiler.CheckArgs" methodname="CheckArgs" classname="dataprocessor.tests.VerifyCompiler" runstate="Runnable" seed="544820112" result="Passed" start-time="2018-04-17 12:37:23Z" end-time="2018-04-17 12:37:23Z" duration="0.002175" asserts="2" />
          <test-case id="0-1059" name="CompilesAndRuns" fullname="dataprocessor.tests.VerifyDynamicMethodCompiler.CompilesAndRuns" methodname="CompilesAndRuns" classname="dataprocessor.tests.VerifyCompiler" runstate="Runnable" seed="2034866785" result="Passed" start-time="2018-04-17 12:37:23Z" end-time="2018-04-17 12:37:23Z" duration="0.001514" asserts="1">
            <output><![CDATA[DynamicMethodCompiler.Compile: 0.42ms
]]></output>
          </test-case>
          <test-case id="0-1061" name="FailEarlyIfPrivateMethodsAreNotSupported" fullname="dataprocessor.tests.VerifyDynamicMethodCompiler.FailEarlyIfPrivateMethodsAreNotSupported" methodname="FailEarlyIfPrivateMethodsAreNotSupported" classname="dataprocessor.tests.VerifyCompiler" runstate="Runnable" seed="1730433529" result="Passed" start-time="2018-04-17 12:37:23Z" end-time="2018-04-17 12:37:23Z" duration="0.001836" asserts="1">
            <output><![CDATA[DynamicMethodCompiler.Compile: 0.65ms
]]></output>
          </test-case>
          <test-case id="0-1060" name="SupportsClosures" fullname="dataprocessor.tests.VerifyDynamicMethodCompiler.SupportsClosures" methodname="SupportsClosures" classname="dataprocessor.tests.VerifyCompiler" runstate="Runnable" seed="767709339" result="Passed" start-time="2018-04-17 12:37:23Z" end-time="2018-04-17 12:37:23Z" duration="0.001373" asserts="1">
            <output><![CDATA[DynamicMethodCompiler.Compile: 0.37ms
]]></output>
          </test-case>
        </test-suite>
        <test-suite type="TestFixture" id="0-1062" name="VerifyMethodBuilderCompiler" fullname="dataprocessor.tests.VerifyMethodBuilderCompiler" classname="dataprocessor.tests.VerifyMethodBuilderCompiler" runstate="Runnable" testcasecount="4" result="Passed" start-time="2018-04-17 12:37:23Z" end-time="2018-04-17 12:37:23Z" duration="0.063113" total="4" passed="4" failed="0" warnings="0" inconclusive="0" skipped="0" asserts="4">
          <test-case id="0-1063" name="CheckArgs" fullname="dataprocessor.tests.VerifyMethodBuilderCompiler.CheckArgs" methodname="CheckArgs" classname="dataprocessor.tests.VerifyCompiler" runstate="Runnable" seed="1361568543" result="Passed" start-time="2018-04-17 12:37:23Z" end-time="2018-04-17 12:37:23Z" duration="0.001226" asserts="2" />
          <test-case id="0-1064" name="CompilesAndRuns" fullname="dataprocessor.tests.VerifyMethodBuilderCompiler.CompilesAndRuns" methodname="CompilesAndRuns" classname="dataprocessor.tests.VerifyCompiler" runstate="Runnable" seed="212979949" result="Passed" start-time="2018-04-17 12:37:23Z" end-time="2018-04-17 12:37:23Z" duration="0.001719" asserts="1">
            <output><![CDATA[MethodBuilderCompiler.Compile: 0.65ms
]]></output>
          </test-case>
          <test-case id="0-1066" name="FailEarlyIfPrivateMethodsAreNotSupported" fullname="dataprocessor.tests.VerifyMethodBuilderCompiler.FailEarlyIfPrivateMethodsAreNotSupported" methodname="FailEarlyIfPrivateMethodsAreNotSupported" classname="dataprocessor.tests.VerifyCompiler" runstate="Runnable" seed="1358472737" result="Passed" start-time="2018-04-17 12:37:23Z" end-time="2018-04-17 12:37:23Z" duration="0.054345" asserts="0">
            <output><![CDATA[MethodBuilderCompiler.Compile: 2.26ms
]]></output>
          </test-case>
          <test-case id="0-1065" name="SupportsClosures" fullname="dataprocessor.tests.VerifyMethodBuilderCompiler.SupportsClosures" methodname="SupportsClosures" classname="dataprocessor.tests.VerifyCompiler" runstate="Runnable" seed="1631510995" result="Passed" start-time="2018-04-17 12:37:23Z" end-time="2018-04-17 12:37:23Z" duration="0.004949" asserts="1">
            <output><![CDATA[MethodBuilderCompiler.Compile: 0.72ms
]]></output>
          </test-case>
        </test-suite>
      </test-suite>
    </test-suite>
  </test-suite>
</test-run>